2023-08-22 08:33:15.800 [pool-3-thread-1] INFO  com.rs.mv.mvvs.client.catalog.from.scan.CurrentPathScanner - [client:400205]scan file in current open file directory(E:/VM shareable/T24-Training/forex/forex_converter/src/main/java/com/forex)
2023-08-22 08:33:28.042 [pool-3-thread-1] INFO  com.rs.mv.mvvs.client.catalog.from.scan.CurrentPathScanner - [client:400205]scan file in current open file directory(E:/VM shareable/T24-Training/forex/forex_converter/src/main/java/com/forex)
2023-08-22 09:21:31.396 [pool-3-thread-1] INFO  com.rs.mv.mvvs.client.catalog.from.scan.CurrentPathScanner - [client:400205]scan file in current open file directory(E:/VM shareable/T24-Training/forex/forex_converter/src/main/java/com/forex)
2023-08-22 09:22:57.482 [pool-3-thread-1] INFO  com.rs.mv.mvvs.client.catalog.from.scan.CurrentPathScanner - [client:400205]scan file in current open file directory(E:/VM shareable/T24-Training/forex/forex_converter/src/main/java/com/forex)
2023-08-22 09:23:14.096 [pool-3-thread-1] INFO  com.rs.mv.mvvs.client.catalog.from.scan.CurrentPathScanner - [client:400205]scan file in current open file directory(E:/VM shareable/T24-Training/forex/forex_converter/src/main/java/com/forex)
2023-08-22 09:23:35.035 [pool-3-thread-1] INFO  com.rs.mv.mvvs.client.catalog.from.scan.CurrentPathScanner - [client:400205]scan file in current open file directory(E:/VM shareable/T24-Training/forex/forex_converter/src/main/java/main/java/com/forex)
2023-08-22 09:23:40.005 [pool-3-thread-1] INFO  com.rs.mv.mvvs.client.catalog.from.scan.CurrentPathScanner - [client:400205]scan file in current open file directory(E:/VM shareable/T24-Training/forex/forex_converter/src/main/java/com/forex)
2023-08-18 21:01:11.175 [main] INFO  com.rs.mv.mvvs.Startup - [LSP:100101]ROCKET MV BASIC EXTENSION to start
2023-08-18 21:01:11.275 [main] INFO  com.rs.mv.mvvs.lsp.server.BasicLanguageServerLauncher - [LSP:100102]start pip server
2023-08-18 21:01:11.927 [main] INFO  com.rs.mv.mvvs.lsp.server.BasicLanguageServerLauncher - [LSP:100103]ROCKET MV BASIC EXTENSION start successful
2023-08-18 21:01:12.297 [pool-3-thread-1] INFO  com.rs.mv.mvvs.instance.workspace.WorkspaceManager - [workspace:200101]load all workspace folders start
2023-08-18 21:01:12.299 [pool-3-thread-1] INFO  com.rs.mv.mvvs.instance.workspace.WorkspaceManager - [workspace:20010201]root uri: file://marx/VM%20shareable/T24-Training
2023-08-18 21:01:12.302 [pool-3-thread-1] INFO  com.rs.mv.mvvs.instance.workspace.handler.FolderHandler - [workspace:200103]workspace contains workspace folder: file://marx/VM%20shareable/T24-Training
2023-08-18 21:01:12.356 [pool-3-thread-1] INFO  com.rs.mv.mvvs.instance.workspace.handler.FolderHandler - [workspace:200104]workspace folder will be cached: file://marx/VM%20shareable/T24-Training
2023-08-18 21:01:12.362 [pool-3-thread-1] INFO  com.rs.mv.mvvs.rmv.config.Config - [framework:30010101]config load start
2023-08-18 21:01:12.364 [pool-3-thread-1] INFO  com.rs.mv.mvvs.rmv.config.Config - [framework:30010102]project config path is : //marx/VM shareable/T24-Training/.rmv/config
2023-08-18 21:01:12.366 [pool-3-thread-1] INFO  com.rs.mv.mvvs.rmv.config.Config - [framework:30010103]resource config path is : /
2023-08-18 21:01:12.405 [pool-3-thread-1] INFO  com.rs.mv.mvvs.rmv.config.Config - [framework:30010104]user config path is : C:/Users/Marx
2023-08-18 21:01:12.589 [pool-3-thread-1] INFO  com.rs.mv.mvvs.rmv.config.Config - [framework:30010105]config load end
2023-08-18 21:01:12.593 [pool-3-thread-1] INFO  com.rs.mv.mvvs.rmv.documentation.BasicDocumentation - [framework:30020101]documentation load start
2023-08-18 21:01:12.597 [pool-3-thread-1] INFO  com.rs.mv.mvvs.rmv.documentation.reader.SystemDocReader - [framework:30020102]system documentation path: /documentation/UNIVERSE/
2023-08-18 21:01:12.605 [pool-3-thread-1] INFO  com.rs.mv.mvvs.rmv.documentation.reader.ProjectDocReader - [framework:30020103]project documentation brief file: \\marx\VM shareable\T24-Training\.rmv\documentation\UNIVERSE\custom.json
2023-08-18 21:01:12.614 [pool-3-thread-1] INFO  com.rs.mv.mvvs.rmv.documentation.reader.UserDocReader - [framework:30020104]user documentation brief file: C:\Users\Marx\documentation\UNIVERSE\custom.json
2023-08-18 21:01:13.376 [pool-3-thread-1] INFO  com.rs.mv.mvvs.rmv.documentation.BasicDocumentation - [framework:30020105]documentation load end
2023-08-18 21:01:13.490 [pool-3-thread-1] INFO  com.rs.mv.mvvs.common.convertor.ConvertorManager - [framework:30030101]convertors for folder(//marx/VM shareable/T24-Training) load start
2023-08-18 21:01:13.498 [pool-3-thread-1] INFO  com.rs.mv.mvvs.common.convertor.ConvertorManager - [framework:30030102]comment convertor load finish
2023-08-18 21:01:14.378 [pool-3-thread-1] INFO  com.rs.mv.mvvs.common.convertor.ConvertorManager - [framework:30030103]keyword convertor load finish
2023-08-18 21:01:14.392 [pool-3-thread-1] INFO  com.rs.mv.mvvs.common.convertor.ConvertorManager - [framework:30030104]operator convertor load finish
2023-08-18 21:01:14.399 [pool-3-thread-1] INFO  com.rs.mv.mvvs.common.convertor.ConvertorManager - [framework:30030105]function name convertor load finish
2023-08-18 21:01:14.401 [pool-3-thread-1] INFO  com.rs.mv.mvvs.common.convertor.ConvertorManager - [framework:30030106]atVariable convertor load finish
2023-08-18 21:01:14.402 [pool-3-thread-1] INFO  com.rs.mv.mvvs.common.convertor.ConvertorManager - [framework:30030107]convertors for folder(//marx/VM shareable/T24-Training) load end
2023-08-18 21:01:14.535 [pool-3-thread-1] INFO  com.rs.mv.mvvs.rmv.config.CapabilityConfig - [framework:30010301]capabilities file(//marx/VM shareable/T24-Training/config/capability) doesn't exist or read error, default config will take effect
2023-08-18 21:01:14.609 [pool-3-thread-1] INFO  com.rs.mv.mvvs.instance.workspace.WorkspaceManager - [workspace:200105]load all workspace folders successful
2023-08-18 21:01:14.667 [pool-3-thread-1] INFO  com.rs.mv.mvvs.client.account.AccountManager - [client:40010101]load account manager start
2023-08-18 21:01:14.687 [pool-3-thread-1] INFO  com.rs.mv.mvvs.client.account.handler.CacheAccountHandler - [client:40010102]load cache account: 
2023-08-18 21:01:14.735 [pool-3-thread-1] INFO  com.rs.mv.mvvs.client.account.handler.ExternalAccountHandler - [client:40010103]load external account: 
2023-08-18 21:01:20.302 [pool-3-thread-1] INFO  com.rs.mv.mvvs.client.catalog.manager.U2CatalogManager - [client:400203]cache file auto update thread launch in T24-Training account
2023-08-18 21:01:20.372 [pool-3-thread-1] INFO  com.rs.mv.mvvs.client.catalog.from.config.DirsConfigReader - [client:400206]parse dir config information
2023-08-18 21:01:20.380 [pool-3-thread-1] INFO  com.rs.mv.mvvs.client.catalog.from.config.MappingConfigReader - [client:400207]parse mapping config information
2023-08-18 21:01:20.392 [pool-3-thread-1] INFO  com.rs.mv.mvvs.client.catalog.manager.U2CatalogManager - [client:400202]start a schedule task to get global/local catalog for T24-Training, its period 5s 
2023-08-18 21:01:20.405 [pool-3-thread-1] INFO  com.rs.mv.mvvs.client.catalog.manager.U2CatalogManager - [client:400203]cache file auto update thread launch in .git account
2023-08-18 21:01:20.411 [pool-3-thread-1] INFO  com.rs.mv.mvvs.client.catalog.from.config.DirsConfigReader - [client:400206]parse dir config information
2023-08-18 21:01:20.423 [pool-3-thread-1] INFO  com.rs.mv.mvvs.client.catalog.from.config.MappingConfigReader - [client:400207]parse mapping config information
2023-08-18 21:01:20.441 [pool-3-thread-1] INFO  com.rs.mv.mvvs.client.catalog.manager.U2CatalogManager - [client:400202]start a schedule task to get global/local catalog for .git, its period 5s 
2023-08-18 21:01:20.480 [pool-3-thread-1] INFO  com.rs.mv.mvvs.client.catalog.manager.U2CatalogManager - [client:400203]cache file auto update thread launch in logs account
2023-08-18 21:01:20.578 [pool-3-thread-1] INFO  com.rs.mv.mvvs.client.catalog.from.config.DirsConfigReader - [client:400206]parse dir config information
2023-08-18 21:01:20.737 [pool-3-thread-1] INFO  com.rs.mv.mvvs.client.catalog.from.config.MappingConfigReader - [client:400207]parse mapping config information
2023-08-18 21:01:20.808 [pool-3-thread-1] INFO  com.rs.mv.mvvs.client.catalog.manager.U2CatalogManager - [client:400202]start a schedule task to get global/local catalog for logs, its period 5s 
2023-08-18 21:01:20.813 [pool-3-thread-1] INFO  com.rs.mv.mvvs.client.catalog.manager.U2CatalogManager - [client:400203]cache file auto update thread launch in refs account
2023-08-18 21:01:20.866 [pool-3-thread-1] INFO  com.rs.mv.mvvs.client.catalog.from.config.DirsConfigReader - [client:400206]parse dir config information
2023-08-18 21:01:20.879 [pool-3-thread-1] INFO  com.rs.mv.mvvs.client.catalog.from.config.MappingConfigReader - [client:400207]parse mapping config information
2023-08-18 21:01:20.907 [pool-3-thread-1] INFO  com.rs.mv.mvvs.client.catalog.manager.U2CatalogManager - [client:400202]start a schedule task to get global/local catalog for refs, its period 5s 
2023-08-18 21:01:20.956 [pool-3-thread-1] INFO  com.rs.mv.mvvs.client.catalog.manager.U2CatalogManager - [client:400203]cache file auto update thread launch in remotes account
2023-08-18 21:01:20.963 [pool-3-thread-1] INFO  com.rs.mv.mvvs.client.catalog.from.config.DirsConfigReader - [client:400206]parse dir config information
2023-08-18 21:01:20.991 [pool-3-thread-1] INFO  com.rs.mv.mvvs.client.catalog.from.config.MappingConfigReader - [client:400207]parse mapping config information
2023-08-18 21:01:21.010 [pool-3-thread-1] INFO  com.rs.mv.mvvs.client.catalog.manager.U2CatalogManager - [client:400202]start a schedule task to get global/local catalog for remotes, its period 5s 
2023-08-18 21:01:21.028 [pool-3-thread-1] INFO  com.rs.mv.mvvs.client.catalog.manager.U2CatalogManager - [client:400203]cache file auto update thread launch in objects account
2023-08-18 21:01:21.030 [pool-3-thread-1] INFO  com.rs.mv.mvvs.client.catalog.from.config.DirsConfigReader - [client:400206]parse dir config information
2023-08-18 21:01:21.034 [pool-3-thread-1] INFO  com.rs.mv.mvvs.client.catalog.from.config.MappingConfigReader - [client:400207]parse mapping config information
2023-08-18 21:01:21.037 [pool-3-thread-1] INFO  com.rs.mv.mvvs.client.catalog.manager.U2CatalogManager - [client:400202]start a schedule task to get global/local catalog for objects, its period 5s 
2023-08-18 21:01:21.039 [pool-3-thread-1] INFO  com.rs.mv.mvvs.client.catalog.manager.U2CatalogManager - [client:400203]cache file auto update thread launch in refs account
2023-08-18 21:01:21.041 [pool-3-thread-1] INFO  com.rs.mv.mvvs.client.catalog.from.config.DirsConfigReader - [client:400206]parse dir config information
2023-08-18 21:01:21.045 [pool-3-thread-1] INFO  com.rs.mv.mvvs.client.catalog.from.config.MappingConfigReader - [client:400207]parse mapping config information
2023-08-18 21:01:21.050 [pool-3-thread-1] INFO  com.rs.mv.mvvs.client.catalog.manager.U2CatalogManager - [client:400202]start a schedule task to get global/local catalog for refs, its period 5s 
2023-08-18 21:01:21.053 [pool-3-thread-1] INFO  com.rs.mv.mvvs.client.catalog.manager.U2CatalogManager - [client:400203]cache file auto update thread launch in remotes account
2023-08-18 21:01:21.063 [pool-3-thread-1] INFO  com.rs.mv.mvvs.client.catalog.from.config.DirsConfigReader - [client:400206]parse dir config information
2023-08-18 21:01:21.089 [pool-3-thread-1] INFO  com.rs.mv.mvvs.client.catalog.from.config.MappingConfigReader - [client:400207]parse mapping config information
2023-08-18 21:01:21.101 [pool-3-thread-1] INFO  com.rs.mv.mvvs.client.catalog.manager.U2CatalogManager - [client:400202]start a schedule task to get global/local catalog for remotes, its period 5s 
2023-08-18 21:01:21.136 [pool-3-thread-1] INFO  com.rs.mv.mvvs.client.catalog.manager.U2CatalogManager - [client:400203]cache file auto update thread launch in forex account
2023-08-18 21:01:21.140 [pool-3-thread-1] INFO  com.rs.mv.mvvs.client.catalog.from.config.DirsConfigReader - [client:400206]parse dir config information
2023-08-18 21:01:21.143 [pool-3-thread-1] INFO  com.rs.mv.mvvs.client.catalog.from.config.MappingConfigReader - [client:400207]parse mapping config information
2023-08-18 21:01:21.152 [pool-3-thread-1] INFO  com.rs.mv.mvvs.client.catalog.manager.U2CatalogManager - [client:400202]start a schedule task to get global/local catalog for forex, its period 5s 
2023-08-18 21:01:21.167 [pool-3-thread-1] INFO  com.rs.mv.mvvs.client.catalog.manager.U2CatalogManager - [client:400203]cache file auto update thread launch in forex_converter account
2023-08-18 21:01:21.179 [pool-3-thread-1] INFO  com.rs.mv.mvvs.client.catalog.from.config.DirsConfigReader - [client:400206]parse dir config information
2023-08-18 21:01:21.184 [pool-3-thread-1] INFO  com.rs.mv.mvvs.client.catalog.from.config.MappingConfigReader - [client:400207]parse mapping config information
2023-08-18 21:01:21.192 [pool-3-thread-1] INFO  com.rs.mv.mvvs.client.catalog.manager.U2CatalogManager - [client:400202]start a schedule task to get global/local catalog for forex_converter, its period 5s 
2023-08-18 21:01:21.202 [pool-3-thread-1] INFO  com.rs.mv.mvvs.client.catalog.manager.U2CatalogManager - [client:400203]cache file auto update thread launch in src account
2023-08-18 21:01:21.204 [pool-3-thread-1] INFO  com.rs.mv.mvvs.client.catalog.from.config.DirsConfigReader - [client:400206]parse dir config information
2023-08-18 21:01:21.205 [pool-3-thread-1] INFO  com.rs.mv.mvvs.client.catalog.from.config.MappingConfigReader - [client:400207]parse mapping config information
2023-08-18 21:01:21.208 [pool-3-thread-1] INFO  com.rs.mv.mvvs.client.catalog.manager.U2CatalogManager - [client:400202]start a schedule task to get global/local catalog for src, its period 5s 
2023-08-18 21:01:21.210 [pool-3-thread-1] INFO  com.rs.mv.mvvs.client.catalog.manager.U2CatalogManager - [client:400203]cache file auto update thread launch in main account
2023-08-18 21:01:21.211 [pool-3-thread-1] INFO  com.rs.mv.mvvs.client.catalog.from.config.DirsConfigReader - [client:400206]parse dir config information
2023-08-18 21:01:21.227 [pool-3-thread-1] INFO  com.rs.mv.mvvs.client.catalog.from.config.MappingConfigReader - [client:400207]parse mapping config information
2023-08-18 21:01:21.244 [pool-3-thread-1] INFO  com.rs.mv.mvvs.client.catalog.manager.U2CatalogManager - [client:400202]start a schedule task to get global/local catalog for main, its period 5s 
2023-08-18 21:01:21.248 [pool-3-thread-1] INFO  com.rs.mv.mvvs.client.catalog.manager.U2CatalogManager - [client:400203]cache file auto update thread launch in java account
2023-08-18 21:01:21.252 [pool-3-thread-1] INFO  com.rs.mv.mvvs.client.catalog.from.config.DirsConfigReader - [client:400206]parse dir config information
2023-08-18 21:01:21.258 [pool-3-thread-1] INFO  com.rs.mv.mvvs.client.catalog.from.config.MappingConfigReader - [client:400207]parse mapping config information
2023-08-18 21:01:21.260 [pool-3-thread-1] INFO  com.rs.mv.mvvs.client.catalog.manager.U2CatalogManager - [client:400202]start a schedule task to get global/local catalog for java, its period 5s 
2023-08-18 21:01:21.266 [pool-3-thread-1] INFO  com.rs.mv.mvvs.client.catalog.manager.U2CatalogManager - [client:400203]cache file auto update thread launch in com account
2023-08-18 21:01:21.269 [pool-3-thread-1] INFO  com.rs.mv.mvvs.client.catalog.from.config.DirsConfigReader - [client:400206]parse dir config information
2023-08-18 21:01:21.270 [pool-3-thread-1] INFO  com.rs.mv.mvvs.client.catalog.from.config.MappingConfigReader - [client:400207]parse mapping config information
2023-08-18 21:01:21.272 [pool-3-thread-1] INFO  com.rs.mv.mvvs.client.catalog.manager.U2CatalogManager - [client:400202]start a schedule task to get global/local catalog for com, its period 5s 
2023-08-18 21:01:21.274 [pool-3-thread-1] INFO  com.rs.mv.mvvs.client.catalog.manager.U2CatalogManager - [client:400203]cache file auto update thread launch in main account
2023-08-18 21:01:21.276 [pool-3-thread-1] INFO  com.rs.mv.mvvs.client.catalog.from.config.DirsConfigReader - [client:400206]parse dir config information
2023-08-18 21:01:21.278 [pool-3-thread-1] INFO  com.rs.mv.mvvs.client.catalog.from.config.MappingConfigReader - [client:400207]parse mapping config information
2023-08-18 21:01:21.280 [pool-3-thread-1] INFO  com.rs.mv.mvvs.client.catalog.manager.U2CatalogManager - [client:400202]start a schedule task to get global/local catalog for main, its period 5s 
2023-08-18 21:01:21.282 [pool-3-thread-1] INFO  com.rs.mv.mvvs.client.catalog.manager.U2CatalogManager - [client:400203]cache file auto update thread launch in java account
2023-08-18 21:01:21.284 [pool-3-thread-1] INFO  com.rs.mv.mvvs.client.catalog.from.config.DirsConfigReader - [client:400206]parse dir config information
2023-08-18 21:01:21.286 [pool-3-thread-1] INFO  com.rs.mv.mvvs.client.catalog.from.config.MappingConfigReader - [client:400207]parse mapping config information
2023-08-18 21:01:21.288 [pool-3-thread-1] INFO  com.rs.mv.mvvs.client.catalog.manager.U2CatalogManager - [client:400202]start a schedule task to get global/local catalog for java, its period 5s 
2023-08-18 21:01:21.290 [pool-3-thread-1] INFO  com.rs.mv.mvvs.client.catalog.manager.U2CatalogManager - [client:400203]cache file auto update thread launch in com account
2023-08-18 21:01:21.292 [pool-3-thread-1] INFO  com.rs.mv.mvvs.client.catalog.from.config.DirsConfigReader - [client:400206]parse dir config information
2023-08-18 21:01:21.295 [pool-3-thread-1] INFO  com.rs.mv.mvvs.client.catalog.from.config.MappingConfigReader - [client:400207]parse mapping config information
2023-08-18 21:01:21.296 [pool-3-thread-1] INFO  com.rs.mv.mvvs.client.catalog.manager.U2CatalogManager - [client:400202]start a schedule task to get global/local catalog for com, its period 5s 
2023-08-18 21:01:21.299 [pool-3-thread-1] INFO  com.rs.mv.mvvs.client.catalog.manager.U2CatalogManager - [client:400203]cache file auto update thread launch in test account
2023-08-18 21:01:21.300 [pool-3-thread-1] INFO  com.rs.mv.mvvs.client.catalog.from.config.DirsConfigReader - [client:400206]parse dir config information
2023-08-18 21:01:21.301 [pool-3-thread-1] INFO  com.rs.mv.mvvs.client.catalog.from.config.MappingConfigReader - [client:400207]parse mapping config information
2023-08-18 21:01:21.302 [pool-3-thread-1] INFO  com.rs.mv.mvvs.client.catalog.manager.U2CatalogManager - [client:400202]start a schedule task to get global/local catalog for test, its period 5s 
2023-08-18 21:01:21.307 [pool-3-thread-1] INFO  com.rs.mv.mvvs.client.catalog.manager.U2CatalogManager - [client:400203]cache file auto update thread launch in java account
2023-08-18 21:01:21.308 [pool-3-thread-1] INFO  com.rs.mv.mvvs.client.catalog.from.config.DirsConfigReader - [client:400206]parse dir config information
2023-08-18 21:01:21.310 [pool-3-thread-1] INFO  com.rs.mv.mvvs.client.catalog.from.config.MappingConfigReader - [client:400207]parse mapping config information
2023-08-18 21:01:21.311 [pool-3-thread-1] INFO  com.rs.mv.mvvs.client.catalog.manager.U2CatalogManager - [client:400202]start a schedule task to get global/local catalog for java, its period 5s 
2023-08-18 21:01:21.315 [pool-3-thread-1] INFO  com.rs.mv.mvvs.client.catalog.manager.U2CatalogManager - [client:400203]cache file auto update thread launch in com account
2023-08-18 21:01:21.317 [pool-3-thread-1] INFO  com.rs.mv.mvvs.client.catalog.from.config.DirsConfigReader - [client:400206]parse dir config information
2023-08-18 21:01:21.319 [pool-3-thread-1] INFO  com.rs.mv.mvvs.client.catalog.from.config.MappingConfigReader - [client:400207]parse mapping config information
2023-08-18 21:01:21.320 [pool-3-thread-1] INFO  com.rs.mv.mvvs.client.catalog.manager.U2CatalogManager - [client:400202]start a schedule task to get global/local catalog for com, its period 5s 
2023-08-18 21:01:21.337 [pool-3-thread-1] INFO  com.rs.mv.mvvs.client.catalog.manager.U2CatalogManager - [client:400203]cache file auto update thread launch in target account
2023-08-18 21:01:21.353 [pool-3-thread-1] INFO  com.rs.mv.mvvs.client.catalog.from.config.DirsConfigReader - [client:400206]parse dir config information
2023-08-18 21:01:21.364 [pool-3-thread-1] INFO  com.rs.mv.mvvs.client.catalog.from.config.MappingConfigReader - [client:400207]parse mapping config information
2023-08-18 21:01:21.371 [pool-3-thread-1] INFO  com.rs.mv.mvvs.client.catalog.manager.U2CatalogManager - [client:400202]start a schedule task to get global/local catalog for target, its period 5s 
2023-08-18 21:01:21.375 [pool-3-thread-1] INFO  com.rs.mv.mvvs.client.catalog.manager.U2CatalogManager - [client:400203]cache file auto update thread launch in classes account
2023-08-18 21:01:21.385 [pool-3-thread-1] INFO  com.rs.mv.mvvs.client.catalog.from.config.DirsConfigReader - [client:400206]parse dir config information
2023-08-18 21:01:21.392 [pool-3-thread-1] INFO  com.rs.mv.mvvs.client.catalog.from.config.MappingConfigReader - [client:400207]parse mapping config information
2023-08-18 21:01:21.394 [pool-3-thread-1] INFO  com.rs.mv.mvvs.client.catalog.manager.U2CatalogManager - [client:400202]start a schedule task to get global/local catalog for classes, its period 5s 
2023-08-18 21:01:21.399 [pool-3-thread-1] INFO  com.rs.mv.mvvs.client.catalog.manager.U2CatalogManager - [client:400203]cache file auto update thread launch in com account
2023-08-18 21:01:21.404 [pool-3-thread-1] INFO  com.rs.mv.mvvs.client.catalog.from.config.DirsConfigReader - [client:400206]parse dir config information
2023-08-18 21:01:21.406 [pool-3-thread-1] INFO  com.rs.mv.mvvs.client.catalog.from.config.MappingConfigReader - [client:400207]parse mapping config information
2023-08-18 21:01:21.409 [pool-3-thread-1] INFO  com.rs.mv.mvvs.client.catalog.manager.U2CatalogManager - [client:400202]start a schedule task to get global/local catalog for com, its period 5s 
2023-08-18 21:01:21.412 [pool-3-thread-1] INFO  com.rs.mv.mvvs.client.catalog.manager.U2CatalogManager - [client:400203]cache file auto update thread launch in main account
2023-08-18 21:01:21.413 [pool-3-thread-1] INFO  com.rs.mv.mvvs.client.catalog.from.config.DirsConfigReader - [client:400206]parse dir config information
2023-08-18 21:01:21.415 [pool-3-thread-1] INFO  com.rs.mv.mvvs.client.catalog.from.config.MappingConfigReader - [client:400207]parse mapping config information
2023-08-18 21:01:21.417 [pool-3-thread-1] INFO  com.rs.mv.mvvs.client.catalog.manager.U2CatalogManager - [client:400202]start a schedule task to get global/local catalog for main, its period 5s 
2023-08-18 21:01:21.442 [pool-3-thread-1] INFO  com.rs.mv.mvvs.client.catalog.manager.U2CatalogManager - [client:400203]cache file auto update thread launch in java account
2023-08-18 21:01:21.455 [pool-3-thread-1] INFO  com.rs.mv.mvvs.client.catalog.from.config.DirsConfigReader - [client:400206]parse dir config information
2023-08-18 21:01:21.460 [pool-3-thread-1] INFO  com.rs.mv.mvvs.client.catalog.from.config.MappingConfigReader - [client:400207]parse mapping config information
2023-08-18 21:01:21.462 [pool-3-thread-1] INFO  com.rs.mv.mvvs.client.catalog.manager.U2CatalogManager - [client:400202]start a schedule task to get global/local catalog for java, its period 5s 
2023-08-18 21:01:21.465 [pool-3-thread-1] INFO  com.rs.mv.mvvs.client.catalog.manager.U2CatalogManager - [client:400203]cache file auto update thread launch in com account
2023-08-18 21:01:21.466 [pool-3-thread-1] INFO  com.rs.mv.mvvs.client.catalog.from.config.DirsConfigReader - [client:400206]parse dir config information
2023-08-18 21:01:21.468 [pool-3-thread-1] INFO  com.rs.mv.mvvs.client.catalog.from.config.MappingConfigReader - [client:400207]parse mapping config information
2023-08-18 21:01:21.469 [pool-3-thread-1] INFO  com.rs.mv.mvvs.client.catalog.manager.U2CatalogManager - [client:400202]start a schedule task to get global/local catalog for com, its period 5s 
2023-08-18 21:01:21.471 [pool-3-thread-1] INFO  com.rs.mv.mvvs.client.catalog.manager.U2CatalogManager - [client:400203]cache file auto update thread launch in test-classes account
2023-08-18 21:01:21.473 [pool-3-thread-1] INFO  com.rs.mv.mvvs.client.catalog.from.config.DirsConfigReader - [client:400206]parse dir config information
2023-08-18 21:01:21.474 [pool-3-thread-1] INFO  com.rs.mv.mvvs.client.catalog.from.config.MappingConfigReader - [client:400207]parse mapping config information
2023-08-18 21:01:21.476 [pool-3-thread-1] INFO  com.rs.mv.mvvs.client.catalog.manager.U2CatalogManager - [client:400202]start a schedule task to get global/local catalog for test-classes, its period 5s 
2023-08-18 21:01:21.485 [pool-3-thread-1] INFO  com.rs.mv.mvvs.client.catalog.manager.U2CatalogManager - [client:400203]cache file auto update thread launch in com account
2023-08-18 21:01:21.489 [pool-3-thread-1] INFO  com.rs.mv.mvvs.client.catalog.from.config.DirsConfigReader - [client:400206]parse dir config information
2023-08-18 21:01:21.492 [pool-3-thread-1] INFO  com.rs.mv.mvvs.client.catalog.from.config.MappingConfigReader - [client:400207]parse mapping config information
2023-08-18 21:01:21.497 [pool-3-thread-1] INFO  com.rs.mv.mvvs.client.catalog.manager.U2CatalogManager - [client:400202]start a schedule task to get global/local catalog for com, its period 5s 
2023-08-18 21:01:21.500 [pool-3-thread-1] INFO  com.rs.mv.mvvs.client.catalog.manager.U2CatalogManager - [client:400203]cache file auto update thread launch in t24java account
2023-08-18 21:01:21.502 [pool-3-thread-1] INFO  com.rs.mv.mvvs.client.catalog.from.config.DirsConfigReader - [client:400206]parse dir config information
2023-08-18 21:01:21.504 [pool-3-thread-1] INFO  com.rs.mv.mvvs.client.catalog.from.config.MappingConfigReader - [client:400207]parse mapping config information
2023-08-18 21:01:21.506 [pool-3-thread-1] INFO  com.rs.mv.mvvs.client.catalog.manager.U2CatalogManager - [client:400202]start a schedule task to get global/local catalog for t24java, its period 5s 
2023-08-18 21:01:21.509 [pool-3-thread-1] INFO  com.rs.mv.mvvs.client.catalog.manager.U2CatalogManager - [client:400203]cache file auto update thread launch in callingjava account
2023-08-18 21:01:21.510 [pool-3-thread-1] INFO  com.rs.mv.mvvs.client.catalog.from.config.DirsConfigReader - [client:400206]parse dir config information
2023-08-18 21:01:21.513 [pool-3-thread-1] INFO  com.rs.mv.mvvs.client.catalog.from.config.MappingConfigReader - [client:400207]parse mapping config information
2023-08-18 21:01:21.515 [pool-3-thread-1] INFO  com.rs.mv.mvvs.client.catalog.manager.U2CatalogManager - [client:400202]start a schedule task to get global/local catalog for callingjava, its period 5s 
2023-08-18 21:01:21.517 [pool-3-thread-1] INFO  com.rs.mv.mvvs.client.catalog.manager.U2CatalogManager - [client:400203]cache file auto update thread launch in src account
2023-08-18 21:01:21.518 [pool-3-thread-1] INFO  com.rs.mv.mvvs.client.catalog.from.config.DirsConfigReader - [client:400206]parse dir config information
2023-08-18 21:01:21.519 [pool-3-thread-1] INFO  com.rs.mv.mvvs.client.catalog.from.config.MappingConfigReader - [client:400207]parse mapping config information
2023-08-18 21:01:21.520 [pool-3-thread-1] INFO  com.rs.mv.mvvs.client.catalog.manager.U2CatalogManager - [client:400202]start a schedule task to get global/local catalog for src, its period 5s 
2023-08-18 21:01:21.522 [pool-3-thread-1] INFO  com.rs.mv.mvvs.client.catalog.manager.U2CatalogManager - [client:400203]cache file auto update thread launch in main account
2023-08-18 21:01:21.524 [pool-3-thread-1] INFO  com.rs.mv.mvvs.client.catalog.from.config.DirsConfigReader - [client:400206]parse dir config information
2023-08-18 21:01:21.525 [pool-3-thread-1] INFO  com.rs.mv.mvvs.client.catalog.from.config.MappingConfigReader - [client:400207]parse mapping config information
2023-08-18 21:01:21.529 [pool-3-thread-1] INFO  com.rs.mv.mvvs.client.catalog.manager.U2CatalogManager - [client:400202]start a schedule task to get global/local catalog for main, its period 5s 
2023-08-18 21:01:21.531 [pool-3-thread-1] INFO  com.rs.mv.mvvs.client.catalog.manager.U2CatalogManager - [client:400203]cache file auto update thread launch in java account
2023-08-18 21:01:21.534 [pool-3-thread-1] INFO  com.rs.mv.mvvs.client.catalog.from.config.DirsConfigReader - [client:400206]parse dir config information
2023-08-18 21:01:21.535 [pool-3-thread-1] INFO  com.rs.mv.mvvs.client.catalog.from.config.MappingConfigReader - [client:400207]parse mapping config information
2023-08-18 21:01:21.536 [pool-3-thread-1] INFO  com.rs.mv.mvvs.client.catalog.manager.U2CatalogManager - [client:400202]start a schedule task to get global/local catalog for java, its period 5s 
2023-08-18 21:01:21.544 [pool-3-thread-1] INFO  com.rs.mv.mvvs.client.catalog.manager.U2CatalogManager - [client:400203]cache file auto update thread launch in com account
2023-08-18 21:01:21.547 [pool-3-thread-1] INFO  com.rs.mv.mvvs.client.catalog.from.config.DirsConfigReader - [client:400206]parse dir config information
2023-08-18 21:01:21.548 [pool-3-thread-1] INFO  com.rs.mv.mvvs.client.catalog.from.config.MappingConfigReader - [client:400207]parse mapping config information
2023-08-18 21:01:21.551 [pool-3-thread-1] INFO  com.rs.mv.mvvs.client.catalog.manager.U2CatalogManager - [client:400202]start a schedule task to get global/local catalog for com, its period 5s 
2023-08-18 21:01:21.554 [pool-3-thread-1] INFO  com.rs.mv.mvvs.client.catalog.manager.U2CatalogManager - [client:400203]cache file auto update thread launch in test account
2023-08-18 21:01:21.555 [pool-3-thread-1] INFO  com.rs.mv.mvvs.client.catalog.from.config.DirsConfigReader - [client:400206]parse dir config information
2023-08-18 21:01:21.557 [pool-3-thread-1] INFO  com.rs.mv.mvvs.client.catalog.from.config.MappingConfigReader - [client:400207]parse mapping config information
2023-08-18 21:01:21.559 [pool-3-thread-1] INFO  com.rs.mv.mvvs.client.catalog.manager.U2CatalogManager - [client:400202]start a schedule task to get global/local catalog for test, its period 5s 
2023-08-18 21:01:21.563 [pool-3-thread-1] INFO  com.rs.mv.mvvs.client.catalog.manager.U2CatalogManager - [client:400203]cache file auto update thread launch in target account
2023-08-18 21:01:21.565 [pool-3-thread-1] INFO  com.rs.mv.mvvs.client.catalog.from.config.DirsConfigReader - [client:400206]parse dir config information
2023-08-18 21:01:21.568 [pool-3-thread-1] INFO  com.rs.mv.mvvs.client.catalog.from.config.MappingConfigReader - [client:400207]parse mapping config information
2023-08-18 21:01:21.570 [pool-3-thread-1] INFO  com.rs.mv.mvvs.client.catalog.manager.U2CatalogManager - [client:400202]start a schedule task to get global/local catalog for target, its period 5s 
2023-08-18 21:01:21.574 [pool-3-thread-1] INFO  com.rs.mv.mvvs.client.catalog.manager.U2CatalogManager - [client:400203]cache file auto update thread launch in classes account
2023-08-18 21:01:21.578 [pool-3-thread-1] INFO  com.rs.mv.mvvs.client.catalog.from.config.DirsConfigReader - [client:400206]parse dir config information
2023-08-18 21:01:21.579 [pool-3-thread-1] INFO  com.rs.mv.mvvs.client.catalog.from.config.MappingConfigReader - [client:400207]parse mapping config information
2023-08-18 21:01:21.581 [pool-3-thread-1] INFO  com.rs.mv.mvvs.client.catalog.manager.U2CatalogManager - [client:400202]start a schedule task to get global/local catalog for classes, its period 5s 
2023-08-18 21:01:21.583 [pool-3-thread-1] INFO  com.rs.mv.mvvs.client.catalog.manager.U2CatalogManager - [client:400203]cache file auto update thread launch in com account
2023-08-18 21:01:21.589 [pool-3-thread-1] INFO  com.rs.mv.mvvs.client.catalog.from.config.DirsConfigReader - [client:400206]parse dir config information
2023-08-18 21:01:21.591 [pool-3-thread-1] INFO  com.rs.mv.mvvs.client.catalog.from.config.MappingConfigReader - [client:400207]parse mapping config information
2023-08-18 21:01:21.593 [pool-3-thread-1] INFO  com.rs.mv.mvvs.client.catalog.manager.U2CatalogManager - [client:400202]start a schedule task to get global/local catalog for com, its period 5s 
2023-08-18 21:01:21.595 [pool-3-thread-1] INFO  com.rs.mv.mvvs.rmv.documentation.BasicDocumentation - [framework:30020101]documentation load start
2023-08-18 21:01:21.596 [pool-3-thread-1] INFO  com.rs.mv.mvvs.rmv.documentation.reader.SystemDocReader - [framework:30020102]system documentation path: /documentation/UNIVERSE/
2023-08-18 21:01:21.598 [pool-3-thread-1] INFO  com.rs.mv.mvvs.rmv.documentation.reader.ProjectDocReader - [framework:30020103]project documentation brief file: custom.json
2023-08-18 21:01:21.600 [pool-3-thread-1] INFO  com.rs.mv.mvvs.rmv.documentation.reader.UserDocReader - [framework:30020104]user documentation brief file: C:\Users\Marx\documentation\UNIVERSE\custom.json
2023-08-18 21:01:21.680 [pool-3-thread-1] INFO  com.rs.mv.mvvs.rmv.documentation.BasicDocumentation - [framework:30020105]documentation load end
2023-08-18 21:01:21.695 [pool-3-thread-1] INFO  com.rs.mv.mvvs.common.convertor.ConvertorManager - [framework:30030101]convertors for folder(*) load start
2023-08-18 21:01:21.704 [pool-3-thread-1] INFO  com.rs.mv.mvvs.common.convertor.ConvertorManager - [framework:30030102]comment convertor load finish
2023-08-18 21:01:21.714 [pool-3-thread-1] INFO  com.rs.mv.mvvs.common.convertor.ConvertorManager - [framework:30030103]keyword convertor load finish
2023-08-18 21:01:21.721 [pool-3-thread-1] INFO  com.rs.mv.mvvs.common.convertor.ConvertorManager - [framework:30030104]operator convertor load finish
2023-08-18 21:01:21.724 [pool-3-thread-1] INFO  com.rs.mv.mvvs.common.convertor.ConvertorManager - [framework:30030105]function name convertor load finish
2023-08-18 21:01:21.725 [pool-3-thread-1] INFO  com.rs.mv.mvvs.common.convertor.ConvertorManager - [framework:30030106]atVariable convertor load finish
2023-08-18 21:01:21.739 [pool-3-thread-1] INFO  com.rs.mv.mvvs.common.convertor.ConvertorManager - [framework:30030107]convertors for folder(*) load end
2023-08-18 21:01:21.744 [pool-3-thread-1] INFO  com.rs.mv.mvvs.client.catalog.manager.U2CatalogManager - [client:400203]cache file auto update thread launch in ... account
2023-08-18 21:01:21.745 [pool-3-thread-1] INFO  com.rs.mv.mvvs.client.catalog.from.config.DirsConfigReader - [client:400206]parse dir config information
2023-08-18 21:01:21.748 [pool-3-thread-1] INFO  com.rs.mv.mvvs.client.catalog.from.config.MappingConfigReader - [client:400207]parse mapping config information
2023-08-18 21:01:21.754 [pool-3-thread-1] INFO  com.rs.mv.mvvs.client.catalog.manager.U2CatalogManager - [client:400202]start a schedule task to get global/local catalog for ..., its period 5s 
2023-08-18 21:01:21.773 [pool-3-thread-1] INFO  com.rs.mv.mvvs.client.account.handler.ServerAccountHandler - [client:40010104]load server account: Account{name=T24-Training, path=//marx/VM shareable/T24-Training, type=PREDICT}
Account{name=refs, path=//marx/VM shareable/T24-Training/.git/logs/refs, type=PREDICT}
Account{name=java, path=//marx/VM shareable/T24-Training/forex/forex_converter/src/test/java, type=PREDICT}
Account{name=forex_converter, path=//marx/VM shareable/T24-Training/forex/forex_converter, type=PREDICT}
Account{name=logs, path=//marx/VM shareable/T24-Training/.git/logs, type=PREDICT}
Account{name=com, path=//marx/VM shareable/T24-Training/forex/forex_converter/target/classes/com, type=PREDICT}
Account{name=main, path=//marx/VM shareable/T24-Training/t24java/callingjava/src/main, type=PREDICT}
Account{name=com, path=//marx/VM shareable/T24-Training/forex/forex_converter/src/main/java/com, type=PREDICT}
Account{name=refs, path=//marx/VM shareable/T24-Training/.git/refs, type=PREDICT}
Account{name=com, path=//marx/VM shareable/T24-Training/forex/forex_converter/src/test/java/com, type=PREDICT}
Account{name=com, path=//marx/VM shareable/T24-Training/forex/forex_converter/target/test-classes/com, type=PREDICT}
Account{name=com, path=//marx/VM shareable/T24-Training/t24java/callingjava/src/main/java/com, type=PREDICT}
Account{name=main, path=//marx/VM shareable/T24-Training/forex/forex_converter/src/main, type=PREDICT}
Account{name=main, path=//marx/VM shareable/T24-Training/forex/forex_converter/src/main/java/main, type=PREDICT}
Account{name=com, path=//marx/VM shareable/T24-Training/forex/forex_converter/src/main/java/main/java/com, type=PREDICT}
Account{name=objects, path=//marx/VM shareable/T24-Training/.git/objects, type=PREDICT}
Account{name=src, path=//marx/VM shareable/T24-Training/t24java/callingjava/src, type=PREDICT}
Account{name=test, path=//marx/VM shareable/T24-Training/t24java/callingjava/src/test, type=PREDICT}
Account{name=test-classes, path=//marx/VM shareable/T24-Training/forex/forex_converter/target/test-classes, type=PREDICT}
Account{name=remotes, path=//marx/VM shareable/T24-Training/.git/refs/remotes, type=PREDICT}
Account{name=..., path=..., type=PREDICT}
2023-08-18 21:01:21.775 [pool-3-thread-1] INFO  com.rs.mv.mvvs.client.account.AccountManager - [client:40010105]load account manager finish
2023-08-18 21:01:21.778 [pool-3-thread-1] INFO  com.rs.mv.mvvs.instance.userspace.UserspaceManager - [framework:30010402]config file(C:\Users\Marx/.rmv/config) watcher launch successful
2023-08-18 21:04:47.904 [pool-3-thread-1] INFO  com.rs.mv.mvvs.client.catalog.from.scan.CurrentPathScanner - [client:400205]scan file in current open file directory(//marx/VM shareable/T24-Training/forex/forex_converter/src/main/java/com/forex)
2023-08-18 21:04:52.279 [pool-3-thread-1] INFO  com.rs.mv.mvvs.client.catalog.from.scan.CurrentPathScanner - [client:400205]scan file in current open file directory(//marx/VM shareable/T24-Training/forex/forex_converter/src/main/java/com/forex)
2023-08-18 21:04:54.011 [pool-3-thread-1] INFO  com.rs.mv.mvvs.client.catalog.from.scan.CurrentPathScanner - [client:400205]scan file in current open file directory(//marx/VM shareable/T24-Training/forex/forex_converter/src/main/java/com/forex)
2023-08-18 21:05:00.214 [pool-3-thread-1] INFO  com.rs.mv.mvvs.client.catalog.from.scan.CurrentPathScanner - [client:400205]scan file in current open file directory(//marx/VM shareable/T24-Training/forex/forex_converter/src/main/java/com/forex)
2023-08-18 21:05:05.674 [pool-3-thread-1] INFO  com.rs.mv.mvvs.client.catalog.from.scan.CurrentPathScanner - [client:400205]scan file in current open file directory(//marx/VM shareable/T24-Training/forex/forex_converter/src/main/java/com/forex)
2023-08-18 21:05:32.789 [pool-3-thread-1] INFO  com.rs.mv.mvvs.client.catalog.from.scan.CurrentPathScanner - [client:400205]scan file in current open file directory(//marx/VM shareable/T24-Training/forex/forex_converter/src/main/java/com/forex)
2023-08-18 21:05:58.797 [pool-3-thread-1] INFO  com.rs.mv.mvvs.client.catalog.from.scan.CurrentPathScanner - [client:400205]scan file in current open file directory(//MARX/VM shareable/T24-Training/t24java/callingjava/src/main/java/com/marx)
2023-08-18 21:07:53.472 [pool-3-thread-1] INFO  com.rs.mv.mvvs.client.catalog.from.scan.CurrentPathScanner - [client:400205]scan file in current open file directory(//marx/VM shareable/T24-Training/forex/currency_converter/src/main/java/com/forex)
2023-08-18 21:09:12.917 [pool-3-thread-1] INFO  com.rs.mv.mvvs.client.catalog.from.scan.CurrentPathScanner - [client:400205]scan file in current open file directory(//marx/VM shareable/T24-Training/forex/currency_converter/src/main/java/com/forex)
2023-08-18 21:09:47.779 [pool-3-thread-1] INFO  com.rs.mv.mvvs.client.catalog.from.scan.CurrentPathScanner - [client:400205]scan file in current open file directory(//marx/VM shareable/T24-Training/forex/currency_converter/src/main/java/com/forex)
2023-08-18 21:09:52.338 [pool-3-thread-1] INFO  com.rs.mv.mvvs.client.catalog.from.scan.CurrentPathScanner - [client:400205]scan file in current open file directory(//marx/VM shareable/T24-Training/forex/currency_converter/src/main/java/com/forex)
2023-08-18 21:10:23.834 [pool-3-thread-1] INFO  com.rs.mv.mvvs.client.catalog.from.scan.CurrentPathScanner - [client:400205]scan file in current open file directory(//marx/VM shareable/T24-Training/forex/currency_converter/src/main/java/com/forex)
2023-08-18 21:10:47.509 [pool-3-thread-1] INFO  com.rs.mv.mvvs.client.catalog.from.scan.CurrentPathScanner - [client:400205]scan file in current open file directory(//marx/VM shareable/T24-Training/forex/currency_converter/src/main/java/com/forex)
2023-08-18 21:11:56.055 [pool-3-thread-1] INFO  com.rs.mv.mvvs.client.catalog.from.scan.CurrentPathScanner - [client:400205]scan file in current open file directory(//marx/VM shareable/T24-Training/forex/currency_converter/src/main/java/com/forex)
2023-08-18 21:11:58.004 [pool-3-thread-1] INFO  com.rs.mv.mvvs.client.catalog.from.scan.CurrentPathScanner - [client:400205]scan file in current open file directory(//marx/VM shareable/T24-Training/forex/currency_converter/src/main/java/com/forex)
2023-08-18 21:12:32.531 [pool-3-thread-1] INFO  com.rs.mv.mvvs.client.catalog.from.scan.CurrentPathScanner - [client:400205]scan file in current open file directory(//marx/VM shareable/T24-Training/forex/currency_converter/src/main/java/com/forex)
2023-08-18 21:14:31.667 [pool-3-thread-1] INFO  com.rs.mv.mvvs.client.catalog.from.scan.CurrentPathScanner - [client:400205]scan file in current open file directory(//marx/VM shareable/T24-Training/forex/currency_converter/src/main/java/com/forex)
2023-08-18 21:14:34.259 [pool-3-thread-1] INFO  com.rs.mv.mvvs.client.catalog.from.scan.CurrentPathScanner - [client:400205]scan file in current open file directory(//marx/VM shareable/T24-Training/forex/currency_converter/src/main/java/com/forex)
2023-08-18 21:15:44.809 [pool-3-thread-1] INFO  com.rs.mv.mvvs.client.catalog.from.scan.CurrentPathScanner - [client:400205]scan file in current open file directory(//marx/VM shareable/T24-Training/forex/currency_converter/src/main/java/com/forex)
2023-08-18 21:15:46.414 [pool-3-thread-1] INFO  com.rs.mv.mvvs.client.catalog.from.scan.CurrentPathScanner - [client:400205]scan file in current open file directory(//marx/VM shareable/T24-Training/forex/currency_converter/src/main/java/com/forex)
2023-08-18 21:16:12.941 [pool-3-thread-1] INFO  com.rs.mv.mvvs.client.catalog.from.scan.CurrentPathScanner - [client:400205]scan file in current open file directory(//MARX/VM shareable/T24-Training/t24java/callingjava/src/main/java/com/marx)
2023-08-18 21:17:20.527 [pool-3-thread-1] INFO  com.rs.mv.mvvs.client.catalog.from.scan.CurrentPathScanner - [client:400205]scan file in current open file directory(//marx/VM shareable/T24-Training/forex/currency_converter/src/main/java/com/forex)
2023-08-18 21:18:05.843 [pool-3-thread-1] INFO  com.rs.mv.mvvs.client.catalog.from.scan.CurrentPathScanner - [client:400205]scan file in current open file directory(//marx/VM shareable/T24-Training/forex/currency_converter/src/main/java/com/forex)
2023-08-18 21:18:36.317 [pool-3-thread-1] INFO  com.rs.mv.mvvs.client.catalog.from.scan.CurrentPathScanner - [client:400205]scan file in current open file directory(//marx/VM shareable/T24-Training/forex/currency_converter/src/main/java/com/forex)
2023-08-18 21:18:39.998 [pool-3-thread-1] INFO  com.rs.mv.mvvs.client.catalog.from.scan.CurrentPathScanner - [client:400205]scan file in current open file directory(//marx/VM shareable/T24-Training/forex/currency_converter/src/main/java/com/forex)
2023-08-18 21:19:14.148 [pool-3-thread-1] INFO  com.rs.mv.mvvs.client.catalog.from.scan.CurrentPathScanner - [client:400205]scan file in current open file directory(//marx/VM shareable/T24-Training/forex/currency_converter/src/main/java/com/forex)
2023-08-18 21:21:17.579 [pool-3-thread-1] INFO  com.rs.mv.mvvs.client.catalog.from.scan.CurrentPathScanner - [client:400205]scan file in current open file directory(//marx/VM shareable/T24-Training/forex/currency_converter/src/main/java/com/forex)
2023-08-18 21:21:47.909 [pool-3-thread-1] INFO  com.rs.mv.mvvs.client.catalog.from.scan.CurrentPathScanner - [client:400205]scan file in current open file directory(//marx/VM shareable/T24-Training/forex/currency_converter/src/main/java/com/forex)
2023-08-18 21:22:03.623 [pool-3-thread-1] INFO  com.rs.mv.mvvs.client.catalog.from.scan.CurrentPathScanner - [client:400205]scan file in current open file directory(//marx/VM shareable/T24-Training/forex/currency_converter/src/main/java/com/forex)
2013-02-17 21:36:49.478 [pool-3-thread-1] INFO  com.rs.mv.mvvs.client.catalog.from.scan.CurrentPathScanner - [client:400205]scan file in current open file directory(//MARX/VM shareable/T24-Training/t24java/callingjava/src/main/java/com/marx)
2013-02-17 21:36:58.115 [pool-3-thread-1] INFO  com.rs.mv.mvvs.client.catalog.from.scan.CurrentPathScanner - [client:400205]scan file in current open file directory(//marx/VM shareable/T24-Training/t24java/callingjava/src/main/java/com/marx)
2013-02-17 21:37:24.767 [pool-3-thread-1] INFO  com.rs.mv.mvvs.client.catalog.from.scan.CurrentPathScanner - [client:400205]scan file in current open file directory(//MARX/VM shareable/T24-Training/t24java/callingjava/src/main/java/com/marx)
2013-02-17 21:37:39.628 [pool-3-thread-1] INFO  com.rs.mv.mvvs.client.catalog.from.scan.CurrentPathScanner - [client:400205]scan file in current open file directory(//marx/VM shareable/T24-Training/forex/currency_converter/src/main/java/com/forex)
2013-02-17 21:37:43.352 [pool-3-thread-1] INFO  com.rs.mv.mvvs.client.catalog.from.scan.CurrentPathScanner - [client:400205]scan file in current open file directory(//marx/VM shareable/T24-Training/forex/currency_converter/src/main/java/com/forex)
2023-08-22 13:24:45.901 [pool-3-thread-1] INFO  com.rs.mv.mvvs.lsp.feature.didopen.DidOpen - [LSP:100301]open basic file: file:///e%3A/VM%20shareable/T24-Training/t24training/TestDTI.b
2023-08-22 13:24:47.611 [pool-3-thread-1] INFO  com.rs.mv.mvvs.lsp.feature.didopen.DidOpen - [LSP:100302]convert basic file uri to path: E:/VM shareable/T24-Training/t24training/TestDTI.b
2023-08-22 13:24:47.683 [pool-3-thread-1] INFO  com.rs.mv.mvvs.client.catalog.from.scan.CurrentPathScanner - [client:400205]scan file in current open file directory(E:/VM shareable/T24-Training/t24training)
2023-08-22 13:24:47.709 [pool-3-thread-1] INFO  com.rs.mv.mvvs.client.catalog.from.scan.CurrentPathScanner - [client:400205]scan file in current open file directory(E:/VM shareable/T24-Training/t24training)
