2023-10-21 08:03:24.994 [pool-3-thread-1] INFO  com.rs.mv.mvvs.lsp.feature.didopen.DidOpen - [LSP:100301]open basic file: file://marx/VM%20shareable/T24-Training/ValidateUserInput%26DefaultValues/VS.ValSavingsAc.b
2023-10-21 08:03:25.264 [pool-3-thread-1] INFO  com.rs.mv.mvvs.lsp.feature.didopen.DidOpen - [LSP:100302]convert basic file uri to path: //marx/VM shareable/T24-Training/ValidateUserInput&DefaultValues/VS.ValSavingsAc.b
2023-10-21 08:03:25.286 [pool-3-thread-1] INFO  com.rs.mv.mvvs.client.catalog.from.scan.CurrentPathScanner - [client:400205]scan file in current open file directory(//marx/VM shareable/T24-Training/ValidateUserInput&DefaultValues)
2023-10-21 08:03:25.306 [pool-3-thread-1] INFO  com.rs.mv.mvvs.client.catalog.from.scan.CurrentPathScanner - [client:400205]scan file in current open file directory(//MARX/VM shareable/T24-Training/ValidateUserInput&DefaultValues)
2023-10-21 08:03:25.312 [pool-5-thread-5] INFO  com.rs.mv.mvvs.client.convention.UvConvention - [client:40030102]get windows home information: Optional.empty
2023-10-21 08:03:25.383 [pool-5-thread-5] INFO  com.rs.mv.mvvs.client.convention.UvConvention - [client:40030102]get windows home information: Optional.empty
2023-10-21 08:03:25.409 [Thread-131] WARN  com.rs.mv.mvvs.lsp.feature.semantichighlighting.SemanticAnalyseVisitor - Semantic recognition error. Token type：373, Text:  
2023-10-21 08:03:25.424 [Thread-131] WARN  com.rs.mv.mvvs.lsp.feature.semantichighlighting.SemanticAnalyseVisitor - Semantic recognition error. Token type：373, Text:  
2023-10-21 08:03:27.678 [pool-3-thread-1] INFO  com.rs.mv.mvvs.lsp.feature.didopen.DidOpen - [LSP:100301]open basic file: file://marx/VM%20shareable/T24-Training/ValidateUserInput%26DefaultValues/VS.ValDefaultMnemonic.b
2023-10-21 08:03:27.679 [pool-3-thread-1] INFO  com.rs.mv.mvvs.lsp.feature.didopen.DidOpen - [LSP:100302]convert basic file uri to path: //marx/VM shareable/T24-Training/ValidateUserInput&DefaultValues/VS.ValDefaultMnemonic.b
2023-10-21 08:03:27.682 [pool-3-thread-1] INFO  com.rs.mv.mvvs.client.catalog.from.scan.CurrentPathScanner - [client:400205]scan file in current open file directory(//marx/VM shareable/T24-Training/ValidateUserInput&DefaultValues)
2023-10-21 08:03:27.686 [pool-3-thread-1] INFO  com.rs.mv.mvvs.client.catalog.from.scan.CurrentPathScanner - [client:400205]scan file in current open file directory(//MARX/VM shareable/T24-Training/ValidateUserInput&DefaultValues)
2023-10-21 08:03:28.231 [pool-5-thread-5] INFO  com.rs.mv.mvvs.client.convention.UvConvention - [client:40030102]get windows home information: Optional.empty
2023-10-21 08:03:28.318 [pool-5-thread-5] INFO  com.rs.mv.mvvs.client.convention.UvConvention - [client:40030102]get windows home information: Optional.empty
2023-10-21 08:03:28.393 [pool-5-thread-5] INFO  com.rs.mv.mvvs.client.convention.UvConvention - [client:40030102]get windows home information: Optional.empty
2023-10-21 08:03:28.456 [pool-5-thread-5] INFO  com.rs.mv.mvvs.client.convention.UvConvention - [client:40030102]get windows home information: Optional.empty
2023-10-21 08:03:28.474 [Thread-135] WARN  com.rs.mv.mvvs.lsp.feature.semantichighlighting.SemanticAnalyseVisitor - Semantic recognition error. Token type：373, Text:  
2023-10-21 08:03:28.498 [Thread-135] WARN  com.rs.mv.mvvs.lsp.feature.semantichighlighting.SemanticAnalyseVisitor - Semantic recognition error. Token type：373, Text:  
2023-10-21 08:03:28.511 [Thread-135] WARN  com.rs.mv.mvvs.lsp.feature.semantichighlighting.SemanticAnalyseVisitor - Semantic recognition error. Token type：373, Text:  
2023-10-21 08:03:28.516 [Thread-135] WARN  com.rs.mv.mvvs.lsp.feature.semantichighlighting.SemanticAnalyseVisitor - Semantic recognition error. Token type：373, Text:  
2023-10-21 08:03:32.572 [pool-3-thread-1] INFO  com.rs.mv.mvvs.client.catalog.from.scan.CurrentPathScanner - [client:400205]scan file in current open file directory(//MARX/VM shareable/T24-Training/TransitionFromTAFCToTAFJ)
2023-10-21 08:03:41.255 [pool-3-thread-1] INFO  com.rs.mv.mvvs.lsp.feature.didopen.DidOpen - [LSP:100301]open basic file: file://marx/VM%20shareable/T24-Training/t24UnitTestingFramework/TestProg.b
2023-10-21 08:03:41.300 [pool-3-thread-1] INFO  com.rs.mv.mvvs.lsp.feature.didopen.DidOpen - [LSP:100302]convert basic file uri to path: //marx/VM shareable/T24-Training/t24UnitTestingFramework/TestProg.b
2023-10-21 08:03:41.513 [pool-3-thread-1] INFO  com.rs.mv.mvvs.client.catalog.from.scan.CurrentPathScanner - [client:400205]scan file in current open file directory(//marx/VM shareable/T24-Training/t24UnitTestingFramework)
2023-10-21 08:03:41.654 [pool-3-thread-1] INFO  com.rs.mv.mvvs.client.catalog.from.scan.CurrentPathScanner - [client:400205]scan file in current open file directory(//MARX/VM shareable/T24-Training/t24UnitTestingFramework)
2023-10-21 08:03:42.821 [pool-3-thread-1] INFO  com.rs.mv.mvvs.client.catalog.from.scan.CurrentPathScanner - [client:400205]scan file in current open file directory(//MARX/VM shareable/T24-Training/t24UnitTestingFramework)
2023-10-21 08:03:46.314 [pool-3-thread-1] INFO  com.rs.mv.mvvs.lsp.feature.didopen.DidOpen - [LSP:100301]open basic file: file://marx/VM%20shareable/T24-Training/t24UnitTestingFramework/TestProg.b
2023-10-21 08:03:46.315 [pool-3-thread-1] INFO  com.rs.mv.mvvs.lsp.feature.didopen.DidOpen - [LSP:100302]convert basic file uri to path: //marx/VM shareable/T24-Training/t24UnitTestingFramework/TestProg.b
2023-10-21 08:03:46.318 [pool-3-thread-1] INFO  com.rs.mv.mvvs.client.catalog.from.scan.CurrentPathScanner - [client:400205]scan file in current open file directory(//marx/VM shareable/T24-Training/t24UnitTestingFramework)
2023-10-21 08:03:46.324 [pool-3-thread-1] INFO  com.rs.mv.mvvs.client.catalog.from.scan.CurrentPathScanner - [client:400205]scan file in current open file directory(//MARX/VM shareable/T24-Training/t24UnitTestingFramework)
2023-10-21 08:34:33.913 [pool-3-thread-1] INFO  com.rs.mv.mvvs.lsp.feature.didopen.DidOpen - [LSP:100301]open basic file: file://marx/VM%20shareable/T24-Training/TransitionFromTAFCToTAFJ/VS.ProcessAcctList.b
2023-10-21 08:34:33.927 [pool-3-thread-1] INFO  com.rs.mv.mvvs.lsp.feature.didopen.DidOpen - [LSP:100302]convert basic file uri to path: //marx/VM shareable/T24-Training/TransitionFromTAFCToTAFJ/VS.ProcessAcctList.b
2023-10-21 08:34:33.934 [pool-3-thread-1] INFO  com.rs.mv.mvvs.client.catalog.from.scan.CurrentPathScanner - [client:400205]scan file in current open file directory(//marx/VM shareable/T24-Training/TransitionFromTAFCToTAFJ)
2023-10-21 08:34:33.938 [pool-3-thread-1] INFO  com.rs.mv.mvvs.client.catalog.from.scan.CurrentPathScanner - [client:400205]scan file in current open file directory(//MARX/VM shareable/T24-Training/TransitionFromTAFCToTAFJ)
2023-10-21 08:34:42.006 [pool-3-thread-1] INFO  com.rs.mv.mvvs.lsp.feature.didopen.DidOpen - [LSP:100301]open basic file: file://marx/VM%20shareable/T24-Training/TransitionFromTAFCToTAFJ/VS.GetAcctDetails.b
2023-10-21 08:34:42.007 [pool-3-thread-1] INFO  com.rs.mv.mvvs.lsp.feature.didopen.DidOpen - [LSP:100302]convert basic file uri to path: //marx/VM shareable/T24-Training/TransitionFromTAFCToTAFJ/VS.GetAcctDetails.b
2023-10-21 08:34:42.009 [pool-3-thread-1] INFO  com.rs.mv.mvvs.client.catalog.from.scan.CurrentPathScanner - [client:400205]scan file in current open file directory(//marx/VM shareable/T24-Training/TransitionFromTAFCToTAFJ)
2023-10-21 08:34:42.015 [pool-3-thread-1] INFO  com.rs.mv.mvvs.client.catalog.from.scan.CurrentPathScanner - [client:400205]scan file in current open file directory(//MARX/VM shareable/T24-Training/TransitionFromTAFCToTAFJ)
2023-10-21 08:34:42.095 [Thread-156] WARN  com.rs.mv.mvvs.lsp.feature.semantichighlighting.SemanticAnalyseVisitor - Semantic recognition error. Token type：373, Text:  
2023-10-21 08:34:42.114 [Thread-156] WARN  com.rs.mv.mvvs.lsp.feature.semantichighlighting.SemanticAnalyseVisitor - Semantic recognition error. Token type：374,Text: I_COMMON
2023-10-21 08:34:42.123 [Thread-156] WARN  com.rs.mv.mvvs.lsp.feature.semantichighlighting.SemanticAnalyseVisitor - Semantic recognition error. Token type：373, Text:  
2023-10-21 08:34:42.125 [Thread-156] WARN  com.rs.mv.mvvs.lsp.feature.semantichighlighting.SemanticAnalyseVisitor - Semantic recognition error. Token type：374,Text: I_EQUATE
2023-10-21 08:34:42.128 [Thread-156] WARN  com.rs.mv.mvvs.lsp.feature.semantichighlighting.SemanticAnalyseVisitor - Semantic recognition error. Token type：373, Text:  
2023-10-21 08:34:42.133 [Thread-156] WARN  com.rs.mv.mvvs.lsp.feature.semantichighlighting.SemanticAnalyseVisitor - Semantic recognition error. Token type：374,Text: I_F.ACCOUNT
2023-10-21 08:34:46.366 [pool-3-thread-1] INFO  com.rs.mv.mvvs.client.catalog.from.scan.CurrentPathScanner - [client:400205]scan file in current open file directory(//MARX/VM shareable/T24-Training/TransitionFromTAFCToTAFJ)
2023-10-21 08:34:55.064 [pool-3-thread-1] INFO  com.rs.mv.mvvs.client.catalog.from.scan.CurrentPathScanner - [client:400205]scan file in current open file directory(//MARX/VM shareable/T24-Training/TransitionFromTAFCToTAFJ)
2023-10-21 08:34:58.484 [pool-3-thread-1] INFO  com.rs.mv.mvvs.client.catalog.from.scan.CurrentPathScanner - [client:400205]scan file in current open file directory(//MARX/VM shareable/T24-Training/t24UnitTestingFramework)
2023-10-21 08:34:59.659 [pool-3-thread-1] INFO  com.rs.mv.mvvs.lsp.feature.didopen.DidOpen - [LSP:100301]open basic file: file://marx/VM%20shareable/T24-Training/t24UnitTestingFramework/TestProg.b
2023-10-21 08:34:59.661 [pool-3-thread-1] INFO  com.rs.mv.mvvs.lsp.feature.didopen.DidOpen - [LSP:100302]convert basic file uri to path: //marx/VM shareable/T24-Training/t24UnitTestingFramework/TestProg.b
2023-10-21 08:34:59.667 [pool-3-thread-1] INFO  com.rs.mv.mvvs.client.catalog.from.scan.CurrentPathScanner - [client:400205]scan file in current open file directory(//marx/VM shareable/T24-Training/t24UnitTestingFramework)
2023-10-21 08:34:59.670 [pool-3-thread-1] INFO  com.rs.mv.mvvs.client.catalog.from.scan.CurrentPathScanner - [client:400205]scan file in current open file directory(//MARX/VM shareable/T24-Training/t24UnitTestingFramework)
2023-10-21 08:35:05.675 [pool-3-thread-1] INFO  com.rs.mv.mvvs.lsp.feature.didopen.DidOpen - [LSP:100301]open basic file: file://marx/VM%20shareable/T24-Training/t24training/TestProg.b
2023-10-21 08:35:05.677 [pool-3-thread-1] INFO  com.rs.mv.mvvs.lsp.feature.didopen.DidOpen - [LSP:100302]convert basic file uri to path: //marx/VM shareable/T24-Training/t24training/TestProg.b
2023-10-21 08:35:05.691 [pool-3-thread-1] INFO  com.rs.mv.mvvs.client.catalog.from.scan.CurrentPathScanner - [client:400205]scan file in current open file directory(//marx/VM shareable/T24-Training/t24training)
2023-10-21 08:35:05.697 [pool-3-thread-1] INFO  com.rs.mv.mvvs.client.catalog.from.scan.CurrentPathScanner - [client:400205]scan file in current open file directory(//MARX/VM shareable/T24-Training/t24training)
2023-10-21 08:35:14.790 [pool-3-thread-1] INFO  com.rs.mv.mvvs.lsp.feature.didopen.DidOpen - [LSP:100301]open basic file: file://marx/VM%20shareable/T24-Training/t24training/TestDTI.b
2023-10-21 08:35:14.791 [pool-3-thread-1] INFO  com.rs.mv.mvvs.lsp.feature.didopen.DidOpen - [LSP:100302]convert basic file uri to path: //marx/VM shareable/T24-Training/t24training/TestDTI.b
2023-10-21 08:35:14.796 [pool-3-thread-1] INFO  com.rs.mv.mvvs.client.catalog.from.scan.CurrentPathScanner - [client:400205]scan file in current open file directory(//marx/VM shareable/T24-Training/t24training)
2023-10-21 08:35:14.800 [pool-3-thread-1] INFO  com.rs.mv.mvvs.client.catalog.from.scan.CurrentPathScanner - [client:400205]scan file in current open file directory(//MARX/VM shareable/T24-Training/t24training)
2023-10-21 08:42:06.369 [pool-3-thread-1] INFO  com.rs.mv.mvvs.lsp.feature.didopen.DidOpen - [LSP:100301]open basic file: file://marx/VM%20shareable/T24-Training/t24training/Intro.b
2023-10-21 08:42:06.370 [pool-3-thread-1] INFO  com.rs.mv.mvvs.lsp.feature.didopen.DidOpen - [LSP:100302]convert basic file uri to path: //marx/VM shareable/T24-Training/t24training/Intro.b
2023-10-21 08:42:06.376 [pool-3-thread-1] INFO  com.rs.mv.mvvs.client.catalog.from.scan.CurrentPathScanner - [client:400205]scan file in current open file directory(//marx/VM shareable/T24-Training/t24training)
2023-10-21 08:42:06.394 [pool-3-thread-1] INFO  com.rs.mv.mvvs.client.catalog.from.scan.CurrentPathScanner - [client:400205]scan file in current open file directory(//MARX/VM shareable/T24-Training/t24training)
2023-10-21 08:44:15.409 [pool-3-thread-1] INFO  com.rs.mv.mvvs.lsp.feature.didopen.DidOpen - [LSP:100301]open basic file: file://marx/VM%20shareable/T24-Training/t24training/HelloProg.b
2023-10-21 08:44:15.410 [pool-3-thread-1] INFO  com.rs.mv.mvvs.lsp.feature.didopen.DidOpen - [LSP:100302]convert basic file uri to path: //marx/VM shareable/T24-Training/t24training/HelloProg.b
2023-10-21 08:44:15.420 [pool-3-thread-1] INFO  com.rs.mv.mvvs.client.catalog.from.scan.CurrentPathScanner - [client:400205]scan file in current open file directory(//marx/VM shareable/T24-Training/t24training)
2023-10-21 08:44:15.425 [pool-3-thread-1] INFO  com.rs.mv.mvvs.client.catalog.from.scan.CurrentPathScanner - [client:400205]scan file in current open file directory(//MARX/VM shareable/T24-Training/t24training)
2023-10-21 08:44:18.340 [pool-3-thread-1] INFO  com.rs.mv.mvvs.lsp.feature.didopen.DidOpen - [LSP:100301]open basic file: file://marx/VM%20shareable/T24-Training/t24training/DynamicArr.b
2023-10-21 08:44:18.341 [pool-3-thread-1] INFO  com.rs.mv.mvvs.lsp.feature.didopen.DidOpen - [LSP:100302]convert basic file uri to path: //marx/VM shareable/T24-Training/t24training/DynamicArr.b
2023-10-21 08:44:18.344 [pool-3-thread-1] INFO  com.rs.mv.mvvs.client.catalog.from.scan.CurrentPathScanner - [client:400205]scan file in current open file directory(//marx/VM shareable/T24-Training/t24training)
2023-10-21 08:44:18.349 [pool-3-thread-1] INFO  com.rs.mv.mvvs.client.catalog.from.scan.CurrentPathScanner - [client:400205]scan file in current open file directory(//MARX/VM shareable/T24-Training/t24training)
2023-10-21 08:53:16.791 [pool-3-thread-1] INFO  com.rs.mv.mvvs.lsp.feature.didopen.DidOpen - [LSP:100301]open basic file: file://marx/VM%20shareable/T24-Training/t24training/TestDTI.b
2023-10-21 08:53:16.792 [pool-3-thread-1] INFO  com.rs.mv.mvvs.lsp.feature.didopen.DidOpen - [LSP:100302]convert basic file uri to path: //marx/VM shareable/T24-Training/t24training/TestDTI.b
2023-10-21 08:53:16.800 [pool-3-thread-1] INFO  com.rs.mv.mvvs.client.catalog.from.scan.CurrentPathScanner - [client:400205]scan file in current open file directory(//marx/VM shareable/T24-Training/t24training)
2023-10-21 08:53:16.804 [pool-3-thread-1] INFO  com.rs.mv.mvvs.client.catalog.from.scan.CurrentPathScanner - [client:400205]scan file in current open file directory(//MARX/VM shareable/T24-Training/t24training)
2023-10-21 08:53:25.200 [pool-3-thread-1] INFO  com.rs.mv.mvvs.lsp.feature.didopen.DidOpen - [LSP:100301]open basic file: file://marx/VM%20shareable/T24-Training/t24training/TestProg.b
2023-10-21 08:53:25.202 [pool-3-thread-1] INFO  com.rs.mv.mvvs.lsp.feature.didopen.DidOpen - [LSP:100302]convert basic file uri to path: //marx/VM shareable/T24-Training/t24training/TestProg.b
2023-10-21 08:53:25.206 [pool-3-thread-1] INFO  com.rs.mv.mvvs.client.catalog.from.scan.CurrentPathScanner - [client:400205]scan file in current open file directory(//marx/VM shareable/T24-Training/t24training)
2023-10-21 08:53:25.221 [pool-3-thread-1] INFO  com.rs.mv.mvvs.client.catalog.from.scan.CurrentPathScanner - [client:400205]scan file in current open file directory(//MARX/VM shareable/T24-Training/t24training)
2013-02-17 11:09:24.287 [pool-3-thread-1] INFO  com.rs.mv.mvvs.lsp.feature.didopen.DidOpen - [LSP:100301]open basic file: file://marx/VM%20shareable/T24-Training/Multithreading/GREETING.SVC.SELECT.b
2013-02-17 11:09:24.290 [pool-3-thread-1] INFO  com.rs.mv.mvvs.lsp.feature.didopen.DidOpen - [LSP:100302]convert basic file uri to path: //marx/VM shareable/T24-Training/Multithreading/GREETING.SVC.SELECT.b
2013-02-17 11:09:24.299 [pool-3-thread-1] INFO  com.rs.mv.mvvs.client.catalog.from.scan.CurrentPathScanner - [client:400205]scan file in current open file directory(//marx/VM shareable/T24-Training/Multithreading)
2013-02-17 11:09:24.350 [pool-3-thread-1] INFO  com.rs.mv.mvvs.client.catalog.from.scan.CurrentPathScanner - [client:400205]scan file in current open file directory(//MARX/VM shareable/T24-Training/Multithreading)
2013-02-17 11:09:24.649 [Thread-227] WARN  com.rs.mv.mvvs.lsp.feature.semantichighlighting.SemanticAnalyseVisitor - Semantic recognition error. Token type：373, Text:  
2013-02-17 11:09:24.655 [Thread-227] WARN  com.rs.mv.mvvs.lsp.feature.semantichighlighting.SemanticAnalyseVisitor - Semantic recognition error. Token type：374,Text: I_COMMON
2013-02-17 11:09:24.656 [Thread-227] WARN  com.rs.mv.mvvs.lsp.feature.semantichighlighting.SemanticAnalyseVisitor - Semantic recognition error. Token type：373, Text:  
2013-02-17 11:09:24.659 [Thread-227] WARN  com.rs.mv.mvvs.lsp.feature.semantichighlighting.SemanticAnalyseVisitor - Semantic recognition error. Token type：374,Text: I_EQUATE
2013-02-17 11:09:24.662 [Thread-227] WARN  com.rs.mv.mvvs.lsp.feature.semantichighlighting.SemanticAnalyseVisitor - Semantic recognition error. Token type：373, Text:  
2013-02-17 11:09:24.664 [Thread-227] WARN  com.rs.mv.mvvs.lsp.feature.semantichighlighting.SemanticAnalyseVisitor - Semantic recognition error. Token type：374,Text: I_GREETING.SVC.COMMON
2013-02-17 11:09:29.828 [pool-3-thread-1] INFO  com.rs.mv.mvvs.client.catalog.from.scan.CurrentPathScanner - [client:400205]scan file in current open file directory(//MARX/VM shareable/T24-Training/Multithreading)
2013-02-17 11:09:32.231 [pool-3-thread-1] INFO  com.rs.mv.mvvs.lsp.feature.didopen.DidOpen - [LSP:100301]open basic file: file://marx/VM%20shareable/T24-Training/Multithreading/GREETING.SVC.b
2013-02-17 11:09:32.232 [pool-3-thread-1] INFO  com.rs.mv.mvvs.lsp.feature.didopen.DidOpen - [LSP:100302]convert basic file uri to path: //marx/VM shareable/T24-Training/Multithreading/GREETING.SVC.b
2013-02-17 11:09:32.241 [pool-3-thread-1] INFO  com.rs.mv.mvvs.client.catalog.from.scan.CurrentPathScanner - [client:400205]scan file in current open file directory(//marx/VM shareable/T24-Training/Multithreading)
2013-02-17 11:09:32.283 [pool-3-thread-1] INFO  com.rs.mv.mvvs.client.catalog.from.scan.CurrentPathScanner - [client:400205]scan file in current open file directory(//MARX/VM shareable/T24-Training/Multithreading)
2013-02-17 11:09:32.502 [pool-5-thread-10] INFO  com.rs.mv.mvvs.client.convention.UvConvention - [client:40030102]get windows home information: Optional.empty
2013-02-17 11:09:32.542 [Thread-232] WARN  com.rs.mv.mvvs.lsp.feature.semantichighlighting.SemanticAnalyseVisitor - Semantic recognition error. Token type：373, Text:  
2013-02-17 11:09:32.545 [Thread-232] WARN  com.rs.mv.mvvs.lsp.feature.semantichighlighting.SemanticAnalyseVisitor - Semantic recognition error. Token type：374,Text: I_COMMON
2013-02-17 11:09:32.551 [Thread-232] WARN  com.rs.mv.mvvs.lsp.feature.semantichighlighting.SemanticAnalyseVisitor - Semantic recognition error. Token type：373, Text:  
2013-02-17 11:09:32.553 [Thread-232] WARN  com.rs.mv.mvvs.lsp.feature.semantichighlighting.SemanticAnalyseVisitor - Semantic recognition error. Token type：374,Text: I_EQUATE
2013-02-17 11:09:32.556 [Thread-232] WARN  com.rs.mv.mvvs.lsp.feature.semantichighlighting.SemanticAnalyseVisitor - Semantic recognition error. Token type：373, Text:  
2013-02-17 11:09:32.559 [Thread-232] WARN  com.rs.mv.mvvs.lsp.feature.semantichighlighting.SemanticAnalyseVisitor - Semantic recognition error. Token type：374,Text: I_F.CUSTOMER
2013-02-17 11:09:32.561 [Thread-232] WARN  com.rs.mv.mvvs.lsp.feature.semantichighlighting.SemanticAnalyseVisitor - Semantic recognition error. Token type：373, Text:  
2013-02-17 11:09:39.829 [pool-3-thread-1] INFO  com.rs.mv.mvvs.lsp.feature.didopen.DidOpen - [LSP:100301]open basic file: file://marx/VM%20shareable/T24-Training/ProduceJsonData%26ProcessSavedlists/VS.ProcessAcctList.b
2013-02-17 11:09:39.834 [pool-3-thread-1] INFO  com.rs.mv.mvvs.lsp.feature.didopen.DidOpen - [LSP:100302]convert basic file uri to path: //marx/VM shareable/T24-Training/ProduceJsonData&ProcessSavedlists/VS.ProcessAcctList.b
2013-02-17 11:09:39.838 [pool-3-thread-1] INFO  com.rs.mv.mvvs.client.catalog.from.scan.CurrentPathScanner - [client:400205]scan file in current open file directory(//marx/VM shareable/T24-Training/ProduceJsonData&ProcessSavedlists)
2013-02-17 11:09:40.185 [pool-3-thread-1] INFO  com.rs.mv.mvvs.client.catalog.from.scan.CurrentPathScanner - [client:400205]scan file in current open file directory(//MARX/VM shareable/T24-Training/ProduceJsonData&ProcessSavedlists)
2013-02-17 11:10:05.452 [pool-3-thread-1] INFO  com.rs.mv.mvvs.lsp.feature.didopen.DidOpen - [LSP:100301]open basic file: file://marx/VM%20shareable/T24-Training/JBCFunctions%26Statements/TestProg.b
2013-02-17 11:10:05.459 [pool-3-thread-1] INFO  com.rs.mv.mvvs.lsp.feature.didopen.DidOpen - [LSP:100302]convert basic file uri to path: //marx/VM shareable/T24-Training/JBCFunctions&Statements/TestProg.b
2013-02-17 11:10:05.460 [pool-3-thread-1] INFO  com.rs.mv.mvvs.client.catalog.from.scan.CurrentPathScanner - [client:400205]scan file in current open file directory(//marx/VM shareable/T24-Training/JBCFunctions&Statements)
2013-02-17 11:10:05.464 [pool-3-thread-1] INFO  com.rs.mv.mvvs.client.catalog.from.scan.CurrentPathScanner - [client:400205]scan file in current open file directory(//MARX/VM shareable/T24-Training/JBCFunctions&Statements)
2013-02-17 11:10:27.851 [pool-3-thread-1] INFO  com.rs.mv.mvvs.lsp.feature.didopen.DidOpen - [LSP:100301]open basic file: file://marx/VM%20shareable/T24-Training/CreatingLoggerInJBC/MX.Logger.b
2013-02-17 11:10:27.853 [pool-3-thread-1] INFO  com.rs.mv.mvvs.lsp.feature.didopen.DidOpen - [LSP:100302]convert basic file uri to path: //marx/VM shareable/T24-Training/CreatingLoggerInJBC/MX.Logger.b
2013-02-17 11:10:27.857 [pool-3-thread-1] INFO  com.rs.mv.mvvs.client.catalog.from.scan.CurrentPathScanner - [client:400205]scan file in current open file directory(//marx/VM shareable/T24-Training/CreatingLoggerInJBC)
2013-02-17 11:10:27.859 [pool-3-thread-1] INFO  com.rs.mv.mvvs.client.catalog.from.scan.CurrentPathScanner - [client:400205]scan file in current open file directory(//MARX/VM shareable/T24-Training/CreatingLoggerInJBC)
2013-02-17 11:10:30.024 [pool-3-thread-1] INFO  com.rs.mv.mvvs.lsp.feature.didopen.DidOpen - [LSP:100301]open basic file: file://marx/VM%20shareable/T24-Training/CreatingLoggerInJBC/MX.TestProg.b
2013-02-17 11:10:30.025 [pool-3-thread-1] INFO  com.rs.mv.mvvs.lsp.feature.didopen.DidOpen - [LSP:100302]convert basic file uri to path: //marx/VM shareable/T24-Training/CreatingLoggerInJBC/MX.TestProg.b
2013-02-17 11:10:30.028 [pool-3-thread-1] INFO  com.rs.mv.mvvs.client.catalog.from.scan.CurrentPathScanner - [client:400205]scan file in current open file directory(//marx/VM shareable/T24-Training/CreatingLoggerInJBC)
2013-02-17 11:10:30.034 [pool-3-thread-1] INFO  com.rs.mv.mvvs.client.catalog.from.scan.CurrentPathScanner - [client:400205]scan file in current open file directory(//MARX/VM shareable/T24-Training/CreatingLoggerInJBC)
2013-02-17 11:10:33.114 [pool-3-thread-1] INFO  com.rs.mv.mvvs.lsp.feature.didopen.DidOpen - [LSP:100301]open basic file: file://marx/VM%20shareable/T24-Training/AutopopulateContentUsingSubroutine/VS.AcRandMnemonic.b
2013-02-17 11:10:33.115 [pool-3-thread-1] INFO  com.rs.mv.mvvs.lsp.feature.didopen.DidOpen - [LSP:100302]convert basic file uri to path: //marx/VM shareable/T24-Training/AutopopulateContentUsingSubroutine/VS.AcRandMnemonic.b
2013-02-17 11:10:33.118 [pool-3-thread-1] INFO  com.rs.mv.mvvs.client.catalog.from.scan.CurrentPathScanner - [client:400205]scan file in current open file directory(//marx/VM shareable/T24-Training/AutopopulateContentUsingSubroutine)
2013-02-17 11:10:33.120 [pool-3-thread-1] INFO  com.rs.mv.mvvs.client.catalog.from.scan.CurrentPathScanner - [client:400205]scan file in current open file directory(//MARX/VM shareable/T24-Training/AutopopulateContentUsingSubroutine)
2013-02-17 11:10:33.155 [Thread-262] WARN  com.rs.mv.mvvs.lsp.feature.semantichighlighting.SemanticAnalyseVisitor - Semantic recognition error. Token type：373, Text:  
2013-02-17 11:10:33.156 [Thread-262] WARN  com.rs.mv.mvvs.lsp.feature.semantichighlighting.SemanticAnalyseVisitor - Semantic recognition error. Token type：373, Text:  
2013-02-17 11:10:33.158 [Thread-262] WARN  com.rs.mv.mvvs.lsp.feature.semantichighlighting.SemanticAnalyseVisitor - Semantic recognition error. Token type：373, Text:  
2013-02-17 11:10:35.761 [pool-3-thread-1] INFO  com.rs.mv.mvvs.client.catalog.from.scan.CurrentPathScanner - [client:400205]scan file in current open file directory(//MARX/VM shareable/T24-Training/Create&MergeSavedlistsUsingJQLOnTAFC&SQLOnTAFJ)
2013-02-17 11:10:40.502 [pool-3-thread-1] INFO  com.rs.mv.mvvs.lsp.feature.didopen.DidOpen - [LSP:100301]open basic file: file://marx/VM%20shareable/T24-Training/CreateField%26UseInSubroutine/TestProg.b
2013-02-17 11:10:40.506 [pool-3-thread-1] INFO  com.rs.mv.mvvs.lsp.feature.didopen.DidOpen - [LSP:100302]convert basic file uri to path: //marx/VM shareable/T24-Training/CreateField&UseInSubroutine/TestProg.b
2013-02-17 11:10:40.513 [pool-3-thread-1] INFO  com.rs.mv.mvvs.client.catalog.from.scan.CurrentPathScanner - [client:400205]scan file in current open file directory(//marx/VM shareable/T24-Training/CreateField&UseInSubroutine)
2013-02-17 11:10:40.516 [pool-3-thread-1] INFO  com.rs.mv.mvvs.client.catalog.from.scan.CurrentPathScanner - [client:400205]scan file in current open file directory(//MARX/VM shareable/T24-Training/CreateField&UseInSubroutine)
2013-02-17 11:10:41.786 [pool-3-thread-1] INFO  com.rs.mv.mvvs.lsp.feature.didopen.DidOpen - [LSP:100301]open basic file: file://marx/VM%20shareable/T24-Training/CreateField%26UseInSubroutine/VS.SendSMSAlert.b
2013-02-17 11:10:41.787 [pool-3-thread-1] INFO  com.rs.mv.mvvs.lsp.feature.didopen.DidOpen - [LSP:100302]convert basic file uri to path: //marx/VM shareable/T24-Training/CreateField&UseInSubroutine/VS.SendSMSAlert.b
2013-02-17 11:10:41.790 [pool-3-thread-1] INFO  com.rs.mv.mvvs.client.catalog.from.scan.CurrentPathScanner - [client:400205]scan file in current open file directory(//marx/VM shareable/T24-Training/CreateField&UseInSubroutine)
2013-02-17 11:10:41.792 [pool-3-thread-1] INFO  com.rs.mv.mvvs.client.catalog.from.scan.CurrentPathScanner - [client:400205]scan file in current open file directory(//MARX/VM shareable/T24-Training/CreateField&UseInSubroutine)
2013-02-17 11:10:41.844 [Thread-268] WARN  com.rs.mv.mvvs.lsp.feature.semantichighlighting.SemanticAnalyseVisitor - Semantic recognition error. Token type：373, Text:  
2013-02-17 11:10:41.846 [Thread-268] WARN  com.rs.mv.mvvs.lsp.feature.semantichighlighting.SemanticAnalyseVisitor - Semantic recognition error. Token type：374,Text: I_COMMON
2013-02-17 11:10:41.846 [Thread-268] WARN  com.rs.mv.mvvs.lsp.feature.semantichighlighting.SemanticAnalyseVisitor - Semantic recognition error. Token type：373, Text:  
2013-02-17 11:10:41.847 [Thread-268] WARN  com.rs.mv.mvvs.lsp.feature.semantichighlighting.SemanticAnalyseVisitor - Semantic recognition error. Token type：374,Text: I_EQUATE
2013-02-17 11:10:41.849 [Thread-268] WARN  com.rs.mv.mvvs.lsp.feature.semantichighlighting.SemanticAnalyseVisitor - Semantic recognition error. Token type：373, Text:  
2013-02-17 11:10:41.850 [Thread-268] WARN  com.rs.mv.mvvs.lsp.feature.semantichighlighting.SemanticAnalyseVisitor - Semantic recognition error. Token type：374,Text: I_F.ACCOUNT
2013-02-17 11:11:05.295 [pool-3-thread-1] INFO  com.rs.mv.mvvs.lsp.feature.didopen.DidOpen - [LSP:100301]open basic file: file://marx/VM%20shareable/T24-Training/CrossValidation%26Restriction/VS.FTInpSameCurr.b
2013-02-17 11:11:05.298 [pool-3-thread-1] INFO  com.rs.mv.mvvs.lsp.feature.didopen.DidOpen - [LSP:100302]convert basic file uri to path: //marx/VM shareable/T24-Training/CrossValidation&Restriction/VS.FTInpSameCurr.b
2013-02-17 11:11:05.307 [pool-3-thread-1] INFO  com.rs.mv.mvvs.client.catalog.from.scan.CurrentPathScanner - [client:400205]scan file in current open file directory(//marx/VM shareable/T24-Training/CrossValidation&Restriction)
2013-02-17 11:11:05.309 [pool-3-thread-1] INFO  com.rs.mv.mvvs.client.catalog.from.scan.CurrentPathScanner - [client:400205]scan file in current open file directory(//MARX/VM shareable/T24-Training/CrossValidation&Restriction)
2013-02-17 11:11:05.339 [Thread-272] WARN  com.rs.mv.mvvs.lsp.feature.semantichighlighting.SemanticAnalyseVisitor - Semantic recognition error. Token type：373, Text:  
2013-02-17 11:11:05.343 [Thread-272] WARN  com.rs.mv.mvvs.lsp.feature.semantichighlighting.SemanticAnalyseVisitor - Semantic recognition error. Token type：373, Text:  
2013-02-17 11:11:05.344 [Thread-272] WARN  com.rs.mv.mvvs.lsp.feature.semantichighlighting.SemanticAnalyseVisitor - Semantic recognition error. Token type：373, Text:  
2013-02-17 11:14:58.737 [pool-3-thread-1] INFO  com.rs.mv.mvvs.client.catalog.from.scan.CurrentPathScanner - [client:400205]scan file in current open file directory(//MARX/VM shareable/T24-Training/JBCFunctions&Statements)
2013-02-17 11:15:00.152 [pool-3-thread-1] INFO  com.rs.mv.mvvs.client.catalog.from.scan.CurrentPathScanner - [client:400205]scan file in current open file directory(//MARX/VM shareable/T24-Training/t24training)
2013-02-17 12:21:20.436 [pool-3-thread-1] INFO  com.rs.mv.mvvs.client.catalog.from.scan.CurrentPathScanner - [client:400205]scan file in current open file directory(//MARX/VM shareable/T24-Training/JBCFunctions&Statements)
2013-02-17 12:21:23.389 [pool-3-thread-1] INFO  com.rs.mv.mvvs.client.catalog.from.scan.CurrentPathScanner - [client:400205]scan file in current open file directory(//MARX/VM shareable/T24-Training/CrossValidation&Restriction)
2013-02-17 12:21:23.705 [Thread-284] WARN  com.rs.mv.mvvs.lsp.feature.semantichighlighting.SemanticAnalyseVisitor - Semantic recognition error. Token type：373, Text:  
2013-02-17 12:21:23.707 [Thread-284] WARN  com.rs.mv.mvvs.lsp.feature.semantichighlighting.SemanticAnalyseVisitor - Semantic recognition error. Token type：373, Text:  
2013-02-17 12:21:23.708 [Thread-284] WARN  com.rs.mv.mvvs.lsp.feature.semantichighlighting.SemanticAnalyseVisitor - Semantic recognition error. Token type：373, Text:  
2013-02-17 12:21:28.467 [pool-3-thread-1] INFO  com.rs.mv.mvvs.client.catalog.from.scan.CurrentPathScanner - [client:400205]scan file in current open file directory(//MARX/VM shareable/T24-Training/JBCFunctions&Statements)
2013-02-16 22:23:24.764 [main] INFO  com.rs.mv.mvvs.Startup - [LSP:100101]ROCKET MV BASIC EXTENSION to start
2013-02-16 22:23:24.905 [main] INFO  com.rs.mv.mvvs.lsp.server.BasicLanguageServerLauncher - [LSP:100102]start pip server
2013-02-16 22:23:25.189 [main] INFO  com.rs.mv.mvvs.lsp.server.BasicLanguageServerLauncher - [LSP:100103]ROCKET MV BASIC EXTENSION start successful
2013-02-16 22:23:25.477 [pool-3-thread-1] INFO  com.rs.mv.mvvs.instance.workspace.WorkspaceManager - [workspace:200101]load all workspace folders start
2013-02-16 22:23:25.477 [pool-3-thread-1] INFO  com.rs.mv.mvvs.instance.workspace.WorkspaceManager - [workspace:20010201]root uri: file:///c%3A/Users/Marx/Desktop/Temenos-T24-Training
2013-02-16 22:23:25.477 [pool-3-thread-1] INFO  com.rs.mv.mvvs.instance.workspace.handler.FolderHandler - [workspace:200103]workspace contains workspace folder: file:///c%3A/Users/Marx/Desktop/Temenos-T24-Training
2013-02-16 22:23:25.517 [pool-3-thread-1] INFO  com.rs.mv.mvvs.instance.workspace.handler.FolderHandler - [workspace:200104]workspace folder will be cached: file:///c%3A/Users/Marx/Desktop/Temenos-T24-Training
2013-02-16 22:23:25.525 [pool-3-thread-1] INFO  com.rs.mv.mvvs.rmv.config.Config - [framework:30010101]config load start
2013-02-16 22:23:25.525 [pool-3-thread-1] INFO  com.rs.mv.mvvs.rmv.config.Config - [framework:30010102]project config path is : C:/Users/Marx/Desktop/Temenos-T24-Training/.rmv/config
2013-02-16 22:23:25.525 [pool-3-thread-1] INFO  com.rs.mv.mvvs.rmv.config.Config - [framework:30010103]resource config path is : /
2013-02-16 22:23:25.525 [pool-3-thread-1] INFO  com.rs.mv.mvvs.rmv.config.Config - [framework:30010104]user config path is : C:/Users/Marx
2013-02-16 22:23:25.573 [pool-3-thread-1] INFO  com.rs.mv.mvvs.rmv.config.Config - [framework:30010105]config load end
2013-02-16 22:23:25.581 [pool-3-thread-1] INFO  com.rs.mv.mvvs.rmv.documentation.BasicDocumentation - [framework:30020101]documentation load start
2013-02-16 22:23:25.581 [pool-3-thread-1] INFO  com.rs.mv.mvvs.rmv.documentation.reader.SystemDocReader - [framework:30020102]system documentation path: /documentation/UNIVERSE/
2013-02-16 22:23:25.589 [pool-3-thread-1] INFO  com.rs.mv.mvvs.rmv.documentation.reader.ProjectDocReader - [framework:30020103]project documentation brief file: C:\Users\Marx\Desktop\Temenos-T24-Training\.rmv\documentation\UNIVERSE\custom.json
2013-02-16 22:23:25.589 [pool-3-thread-1] INFO  com.rs.mv.mvvs.rmv.documentation.reader.UserDocReader - [framework:30020104]user documentation brief file: C:\Users\Marx\documentation\UNIVERSE\custom.json
2013-02-16 22:23:26.220 [pool-3-thread-1] INFO  com.rs.mv.mvvs.rmv.documentation.BasicDocumentation - [framework:30020105]documentation load end
2013-02-16 22:23:26.220 [pool-3-thread-1] INFO  com.rs.mv.mvvs.common.convertor.ConvertorManager - [framework:30030101]convertors for folder(C:/Users/Marx/Desktop/Temenos-T24-Training) load start
2013-02-16 22:23:26.236 [pool-3-thread-1] INFO  com.rs.mv.mvvs.common.convertor.ConvertorManager - [framework:30030102]comment convertor load finish
2013-02-16 22:23:27.186 [pool-3-thread-1] INFO  com.rs.mv.mvvs.common.convertor.ConvertorManager - [framework:30030103]keyword convertor load finish
2013-02-16 22:23:27.194 [pool-3-thread-1] INFO  com.rs.mv.mvvs.common.convertor.ConvertorManager - [framework:30030104]operator convertor load finish
2013-02-16 22:23:27.202 [pool-3-thread-1] INFO  com.rs.mv.mvvs.common.convertor.ConvertorManager - [framework:30030105]function name convertor load finish
2013-02-16 22:23:27.202 [pool-3-thread-1] INFO  com.rs.mv.mvvs.common.convertor.ConvertorManager - [framework:30030106]atVariable convertor load finish
2013-02-16 22:23:27.202 [pool-3-thread-1] INFO  com.rs.mv.mvvs.common.convertor.ConvertorManager - [framework:30030107]convertors for folder(C:/Users/Marx/Desktop/Temenos-T24-Training) load end
2013-02-16 22:23:27.202 [pool-3-thread-1] INFO  com.rs.mv.mvvs.rmv.config.CapabilityConfig - [framework:30010301]capabilities file(C:/Users/Marx/Desktop/Temenos-T24-Training/config/capability) doesn't exist or read error, default config will take effect
2013-02-16 22:23:27.202 [pool-3-thread-1] INFO  com.rs.mv.mvvs.instance.workspace.WorkspaceManager - [workspace:200105]load all workspace folders successful
2013-02-16 22:23:27.210 [pool-3-thread-1] INFO  com.rs.mv.mvvs.client.account.AccountManager - [client:40010101]load account manager start
2013-02-16 22:23:27.218 [pool-3-thread-1] INFO  com.rs.mv.mvvs.client.account.handler.CacheAccountHandler - [client:40010102]load cache account: 
2013-02-16 22:23:27.226 [pool-3-thread-1] INFO  com.rs.mv.mvvs.client.account.handler.ExternalAccountHandler - [client:40010103]load external account: 
2013-02-16 22:23:27.647 [pool-3-thread-1] INFO  com.rs.mv.mvvs.client.catalog.manager.U2CatalogManager - [client:400203]cache file auto update thread launch in Temenos-T24-Training account
2013-02-16 22:23:27.663 [pool-3-thread-1] INFO  com.rs.mv.mvvs.client.catalog.from.config.DirsConfigReader - [client:400206]parse dir config information
2013-02-16 22:23:27.663 [pool-3-thread-1] INFO  com.rs.mv.mvvs.client.catalog.from.config.MappingConfigReader - [client:400207]parse mapping config information
2013-02-16 22:23:27.671 [pool-3-thread-1] INFO  com.rs.mv.mvvs.client.catalog.manager.U2CatalogManager - [client:400202]start a schedule task to get global/local catalog for Temenos-T24-Training, its period 5s 
2013-02-16 22:23:27.671 [pool-3-thread-1] INFO  com.rs.mv.mvvs.client.catalog.manager.U2CatalogManager - [client:400203]cache file auto update thread launch in .git account
2013-02-16 22:23:27.671 [pool-3-thread-1] INFO  com.rs.mv.mvvs.client.catalog.from.config.DirsConfigReader - [client:400206]parse dir config information
2013-02-16 22:23:27.671 [pool-3-thread-1] INFO  com.rs.mv.mvvs.client.catalog.from.config.MappingConfigReader - [client:400207]parse mapping config information
2013-02-16 22:23:27.671 [pool-3-thread-1] INFO  com.rs.mv.mvvs.client.catalog.manager.U2CatalogManager - [client:400202]start a schedule task to get global/local catalog for .git, its period 5s 
2013-02-16 22:23:27.671 [pool-3-thread-1] INFO  com.rs.mv.mvvs.client.catalog.manager.U2CatalogManager - [client:400203]cache file auto update thread launch in logs account
2013-02-16 22:23:27.671 [pool-3-thread-1] INFO  com.rs.mv.mvvs.client.catalog.from.config.DirsConfigReader - [client:400206]parse dir config information
2013-02-16 22:23:27.671 [pool-3-thread-1] INFO  com.rs.mv.mvvs.client.catalog.from.config.MappingConfigReader - [client:400207]parse mapping config information
2013-02-16 22:23:27.679 [pool-3-thread-1] INFO  com.rs.mv.mvvs.client.catalog.manager.U2CatalogManager - [client:400202]start a schedule task to get global/local catalog for logs, its period 5s 
2013-02-16 22:23:27.679 [pool-3-thread-1] INFO  com.rs.mv.mvvs.client.catalog.manager.U2CatalogManager - [client:400203]cache file auto update thread launch in refs account
2013-02-16 22:23:27.679 [pool-3-thread-1] INFO  com.rs.mv.mvvs.client.catalog.from.config.DirsConfigReader - [client:400206]parse dir config information
2013-02-16 22:23:27.679 [pool-3-thread-1] INFO  com.rs.mv.mvvs.client.catalog.from.config.MappingConfigReader - [client:400207]parse mapping config information
2013-02-16 22:23:27.679 [pool-3-thread-1] INFO  com.rs.mv.mvvs.client.catalog.manager.U2CatalogManager - [client:400202]start a schedule task to get global/local catalog for refs, its period 5s 
2013-02-16 22:23:27.679 [pool-3-thread-1] INFO  com.rs.mv.mvvs.client.catalog.manager.U2CatalogManager - [client:400203]cache file auto update thread launch in remotes account
2013-02-16 22:23:27.679 [pool-3-thread-1] INFO  com.rs.mv.mvvs.client.catalog.from.config.DirsConfigReader - [client:400206]parse dir config information
2013-02-16 22:23:27.679 [pool-3-thread-1] INFO  com.rs.mv.mvvs.client.catalog.from.config.MappingConfigReader - [client:400207]parse mapping config information
2013-02-16 22:23:27.679 [pool-3-thread-1] INFO  com.rs.mv.mvvs.client.catalog.manager.U2CatalogManager - [client:400202]start a schedule task to get global/local catalog for remotes, its period 5s 
2013-02-16 22:23:27.679 [pool-3-thread-1] INFO  com.rs.mv.mvvs.client.catalog.manager.U2CatalogManager - [client:400203]cache file auto update thread launch in objects account
2013-02-16 22:23:27.679 [pool-3-thread-1] INFO  com.rs.mv.mvvs.client.catalog.from.config.DirsConfigReader - [client:400206]parse dir config information
2013-02-16 22:23:27.679 [pool-3-thread-1] INFO  com.rs.mv.mvvs.client.catalog.from.config.MappingConfigReader - [client:400207]parse mapping config information
2013-02-16 22:23:27.679 [pool-3-thread-1] INFO  com.rs.mv.mvvs.client.catalog.manager.U2CatalogManager - [client:400202]start a schedule task to get global/local catalog for objects, its period 5s 
2013-02-16 22:23:27.687 [pool-3-thread-1] INFO  com.rs.mv.mvvs.client.catalog.manager.U2CatalogManager - [client:400203]cache file auto update thread launch in refs account
2013-02-16 22:23:27.687 [pool-3-thread-1] INFO  com.rs.mv.mvvs.client.catalog.from.config.DirsConfigReader - [client:400206]parse dir config information
2013-02-16 22:23:27.687 [pool-3-thread-1] INFO  com.rs.mv.mvvs.client.catalog.from.config.MappingConfigReader - [client:400207]parse mapping config information
2013-02-16 22:23:27.687 [pool-3-thread-1] INFO  com.rs.mv.mvvs.client.catalog.manager.U2CatalogManager - [client:400202]start a schedule task to get global/local catalog for refs, its period 5s 
2013-02-16 22:23:27.687 [pool-3-thread-1] INFO  com.rs.mv.mvvs.client.catalog.manager.U2CatalogManager - [client:400203]cache file auto update thread launch in remotes account
2013-02-16 22:23:27.687 [pool-3-thread-1] INFO  com.rs.mv.mvvs.client.catalog.from.config.DirsConfigReader - [client:400206]parse dir config information
2013-02-16 22:23:27.687 [pool-3-thread-1] INFO  com.rs.mv.mvvs.client.catalog.from.config.MappingConfigReader - [client:400207]parse mapping config information
2013-02-16 22:23:27.687 [pool-3-thread-1] INFO  com.rs.mv.mvvs.client.catalog.manager.U2CatalogManager - [client:400202]start a schedule task to get global/local catalog for remotes, its period 5s 
2013-02-16 22:23:27.687 [pool-3-thread-1] INFO  com.rs.mv.mvvs.client.catalog.manager.U2CatalogManager - [client:400203]cache file auto update thread launch in forex account
2013-02-16 22:23:27.687 [pool-3-thread-1] INFO  com.rs.mv.mvvs.client.catalog.from.config.DirsConfigReader - [client:400206]parse dir config information
2013-02-16 22:23:27.687 [pool-3-thread-1] INFO  com.rs.mv.mvvs.client.catalog.from.config.MappingConfigReader - [client:400207]parse mapping config information
2013-02-16 22:23:27.687 [pool-3-thread-1] INFO  com.rs.mv.mvvs.client.catalog.manager.U2CatalogManager - [client:400202]start a schedule task to get global/local catalog for forex, its period 5s 
2013-02-16 22:23:27.687 [pool-3-thread-1] INFO  com.rs.mv.mvvs.client.catalog.manager.U2CatalogManager - [client:400203]cache file auto update thread launch in currency_converter account
2013-02-16 22:23:27.687 [pool-3-thread-1] INFO  com.rs.mv.mvvs.client.catalog.from.config.DirsConfigReader - [client:400206]parse dir config information
2013-02-16 22:23:27.687 [pool-3-thread-1] INFO  com.rs.mv.mvvs.client.catalog.from.config.MappingConfigReader - [client:400207]parse mapping config information
2013-02-16 22:23:27.687 [pool-3-thread-1] INFO  com.rs.mv.mvvs.client.catalog.manager.U2CatalogManager - [client:400202]start a schedule task to get global/local catalog for currency_converter, its period 5s 
2013-02-16 22:23:27.695 [pool-3-thread-1] INFO  com.rs.mv.mvvs.client.catalog.manager.U2CatalogManager - [client:400203]cache file auto update thread launch in src account
2013-02-16 22:23:27.695 [pool-3-thread-1] INFO  com.rs.mv.mvvs.client.catalog.from.config.DirsConfigReader - [client:400206]parse dir config information
2013-02-16 22:23:27.695 [pool-3-thread-1] INFO  com.rs.mv.mvvs.client.catalog.from.config.MappingConfigReader - [client:400207]parse mapping config information
2013-02-16 22:23:27.695 [pool-3-thread-1] INFO  com.rs.mv.mvvs.client.catalog.manager.U2CatalogManager - [client:400202]start a schedule task to get global/local catalog for src, its period 5s 
2013-02-16 22:23:27.695 [pool-3-thread-1] INFO  com.rs.mv.mvvs.client.catalog.manager.U2CatalogManager - [client:400203]cache file auto update thread launch in main account
2013-02-16 22:23:27.695 [pool-3-thread-1] INFO  com.rs.mv.mvvs.client.catalog.from.config.DirsConfigReader - [client:400206]parse dir config information
2013-02-16 22:23:27.695 [pool-3-thread-1] INFO  com.rs.mv.mvvs.client.catalog.from.config.MappingConfigReader - [client:400207]parse mapping config information
2013-02-16 22:23:27.695 [pool-3-thread-1] INFO  com.rs.mv.mvvs.client.catalog.manager.U2CatalogManager - [client:400202]start a schedule task to get global/local catalog for main, its period 5s 
2013-02-16 22:23:27.695 [pool-3-thread-1] INFO  com.rs.mv.mvvs.client.catalog.manager.U2CatalogManager - [client:400203]cache file auto update thread launch in java account
2013-02-16 22:23:27.695 [pool-3-thread-1] INFO  com.rs.mv.mvvs.client.catalog.from.config.DirsConfigReader - [client:400206]parse dir config information
2013-02-16 22:23:27.717 [pool-3-thread-1] INFO  com.rs.mv.mvvs.client.catalog.from.config.MappingConfigReader - [client:400207]parse mapping config information
2013-02-16 22:23:27.717 [pool-3-thread-1] INFO  com.rs.mv.mvvs.client.catalog.manager.U2CatalogManager - [client:400202]start a schedule task to get global/local catalog for java, its period 5s 
2013-02-16 22:23:27.717 [pool-3-thread-1] INFO  com.rs.mv.mvvs.client.catalog.manager.U2CatalogManager - [client:400203]cache file auto update thread launch in com account
2013-02-16 22:23:27.717 [pool-3-thread-1] INFO  com.rs.mv.mvvs.client.catalog.from.config.DirsConfigReader - [client:400206]parse dir config information
2013-02-16 22:23:27.717 [pool-3-thread-1] INFO  com.rs.mv.mvvs.client.catalog.from.config.MappingConfigReader - [client:400207]parse mapping config information
2013-02-16 22:23:27.717 [pool-3-thread-1] INFO  com.rs.mv.mvvs.client.catalog.manager.U2CatalogManager - [client:400202]start a schedule task to get global/local catalog for com, its period 5s 
2013-02-16 22:23:27.726 [pool-3-thread-1] INFO  com.rs.mv.mvvs.client.catalog.manager.U2CatalogManager - [client:400203]cache file auto update thread launch in test account
2013-02-16 22:23:27.726 [pool-3-thread-1] INFO  com.rs.mv.mvvs.client.catalog.from.config.DirsConfigReader - [client:400206]parse dir config information
2013-02-16 22:23:27.726 [pool-3-thread-1] INFO  com.rs.mv.mvvs.client.catalog.from.config.MappingConfigReader - [client:400207]parse mapping config information
2013-02-16 22:23:27.726 [pool-3-thread-1] INFO  com.rs.mv.mvvs.client.catalog.manager.U2CatalogManager - [client:400202]start a schedule task to get global/local catalog for test, its period 5s 
2013-02-16 22:23:27.726 [pool-3-thread-1] INFO  com.rs.mv.mvvs.client.catalog.manager.U2CatalogManager - [client:400203]cache file auto update thread launch in t24java account
2013-02-16 22:23:27.726 [pool-3-thread-1] INFO  com.rs.mv.mvvs.client.catalog.from.config.DirsConfigReader - [client:400206]parse dir config information
2013-02-16 22:23:27.726 [pool-3-thread-1] INFO  com.rs.mv.mvvs.client.catalog.from.config.MappingConfigReader - [client:400207]parse mapping config information
2013-02-16 22:23:27.726 [pool-3-thread-1] INFO  com.rs.mv.mvvs.client.catalog.manager.U2CatalogManager - [client:400202]start a schedule task to get global/local catalog for t24java, its period 5s 
2013-02-16 22:23:27.726 [pool-3-thread-1] INFO  com.rs.mv.mvvs.client.catalog.manager.U2CatalogManager - [client:400203]cache file auto update thread launch in callingjava account
2013-02-16 22:23:27.726 [pool-3-thread-1] INFO  com.rs.mv.mvvs.client.catalog.from.config.DirsConfigReader - [client:400206]parse dir config information
2013-02-16 22:23:27.726 [pool-3-thread-1] INFO  com.rs.mv.mvvs.client.catalog.from.config.MappingConfigReader - [client:400207]parse mapping config information
2013-02-16 22:23:27.726 [pool-3-thread-1] INFO  com.rs.mv.mvvs.client.catalog.manager.U2CatalogManager - [client:400202]start a schedule task to get global/local catalog for callingjava, its period 5s 
2013-02-16 22:23:27.726 [pool-3-thread-1] INFO  com.rs.mv.mvvs.client.catalog.manager.U2CatalogManager - [client:400203]cache file auto update thread launch in src account
2013-02-16 22:23:27.726 [pool-3-thread-1] INFO  com.rs.mv.mvvs.client.catalog.from.config.DirsConfigReader - [client:400206]parse dir config information
2013-02-16 22:23:27.726 [pool-3-thread-1] INFO  com.rs.mv.mvvs.client.catalog.from.config.MappingConfigReader - [client:400207]parse mapping config information
2013-02-16 22:23:27.726 [pool-3-thread-1] INFO  com.rs.mv.mvvs.client.catalog.manager.U2CatalogManager - [client:400202]start a schedule task to get global/local catalog for src, its period 5s 
2013-02-16 22:23:27.726 [pool-3-thread-1] INFO  com.rs.mv.mvvs.client.catalog.manager.U2CatalogManager - [client:400203]cache file auto update thread launch in main account
2013-02-16 22:23:27.726 [pool-3-thread-1] INFO  com.rs.mv.mvvs.client.catalog.from.config.DirsConfigReader - [client:400206]parse dir config information
2013-02-16 22:23:27.726 [pool-3-thread-1] INFO  com.rs.mv.mvvs.client.catalog.from.config.MappingConfigReader - [client:400207]parse mapping config information
2013-02-16 22:23:27.726 [pool-3-thread-1] INFO  com.rs.mv.mvvs.client.catalog.manager.U2CatalogManager - [client:400202]start a schedule task to get global/local catalog for main, its period 5s 
2013-02-16 22:23:27.726 [pool-3-thread-1] INFO  com.rs.mv.mvvs.client.catalog.manager.U2CatalogManager - [client:400203]cache file auto update thread launch in java account
2013-02-16 22:23:27.726 [pool-3-thread-1] INFO  com.rs.mv.mvvs.client.catalog.from.config.DirsConfigReader - [client:400206]parse dir config information
2013-02-16 22:23:27.741 [pool-3-thread-1] INFO  com.rs.mv.mvvs.client.catalog.from.config.MappingConfigReader - [client:400207]parse mapping config information
2013-02-16 22:23:27.741 [pool-3-thread-1] INFO  com.rs.mv.mvvs.client.catalog.manager.U2CatalogManager - [client:400202]start a schedule task to get global/local catalog for java, its period 5s 
2013-02-16 22:23:27.741 [pool-3-thread-1] INFO  com.rs.mv.mvvs.client.catalog.manager.U2CatalogManager - [client:400203]cache file auto update thread launch in com account
2013-02-16 22:23:27.741 [pool-3-thread-1] INFO  com.rs.mv.mvvs.client.catalog.from.config.DirsConfigReader - [client:400206]parse dir config information
2013-02-16 22:23:27.741 [pool-3-thread-1] INFO  com.rs.mv.mvvs.client.catalog.from.config.MappingConfigReader - [client:400207]parse mapping config information
2013-02-16 22:23:27.741 [pool-3-thread-1] INFO  com.rs.mv.mvvs.client.catalog.manager.U2CatalogManager - [client:400202]start a schedule task to get global/local catalog for com, its period 5s 
2013-02-16 22:23:27.741 [pool-3-thread-1] INFO  com.rs.mv.mvvs.client.catalog.manager.U2CatalogManager - [client:400203]cache file auto update thread launch in test account
2013-02-16 22:23:27.749 [pool-3-thread-1] INFO  com.rs.mv.mvvs.client.catalog.from.config.DirsConfigReader - [client:400206]parse dir config information
2013-02-16 22:23:27.749 [pool-3-thread-1] INFO  com.rs.mv.mvvs.client.catalog.from.config.MappingConfigReader - [client:400207]parse mapping config information
2013-02-16 22:23:27.749 [pool-3-thread-1] INFO  com.rs.mv.mvvs.client.catalog.manager.U2CatalogManager - [client:400202]start a schedule task to get global/local catalog for test, its period 5s 
2013-02-16 22:23:27.749 [pool-3-thread-1] INFO  com.rs.mv.mvvs.client.catalog.manager.U2CatalogManager - [client:400203]cache file auto update thread launch in target account
2013-02-16 22:23:27.749 [pool-3-thread-1] INFO  com.rs.mv.mvvs.client.catalog.from.config.DirsConfigReader - [client:400206]parse dir config information
2013-02-16 22:23:27.749 [pool-3-thread-1] INFO  com.rs.mv.mvvs.client.catalog.from.config.MappingConfigReader - [client:400207]parse mapping config information
2013-02-16 22:23:27.749 [pool-3-thread-1] INFO  com.rs.mv.mvvs.client.catalog.manager.U2CatalogManager - [client:400202]start a schedule task to get global/local catalog for target, its period 5s 
2013-02-16 22:23:27.749 [pool-3-thread-1] INFO  com.rs.mv.mvvs.client.catalog.manager.U2CatalogManager - [client:400203]cache file auto update thread launch in classes account
2013-02-16 22:23:27.749 [pool-3-thread-1] INFO  com.rs.mv.mvvs.client.catalog.from.config.DirsConfigReader - [client:400206]parse dir config information
2013-02-16 22:23:27.749 [pool-3-thread-1] INFO  com.rs.mv.mvvs.client.catalog.from.config.MappingConfigReader - [client:400207]parse mapping config information
2013-02-16 22:23:27.749 [pool-3-thread-1] INFO  com.rs.mv.mvvs.client.catalog.manager.U2CatalogManager - [client:400202]start a schedule task to get global/local catalog for classes, its period 5s 
2013-02-16 22:23:27.764 [pool-3-thread-1] INFO  com.rs.mv.mvvs.client.catalog.manager.U2CatalogManager - [client:400203]cache file auto update thread launch in com account
2013-02-16 22:23:27.764 [pool-3-thread-1] INFO  com.rs.mv.mvvs.client.catalog.from.config.DirsConfigReader - [client:400206]parse dir config information
2013-02-16 22:23:27.764 [pool-3-thread-1] INFO  com.rs.mv.mvvs.client.catalog.from.config.MappingConfigReader - [client:400207]parse mapping config information
2013-02-16 22:23:27.764 [pool-3-thread-1] INFO  com.rs.mv.mvvs.client.catalog.manager.U2CatalogManager - [client:400202]start a schedule task to get global/local catalog for com, its period 5s 
2013-02-16 22:23:27.780 [pool-3-thread-1] INFO  com.rs.mv.mvvs.rmv.documentation.BasicDocumentation - [framework:30020101]documentation load start
2013-02-16 22:23:27.780 [pool-3-thread-1] INFO  com.rs.mv.mvvs.rmv.documentation.reader.SystemDocReader - [framework:30020102]system documentation path: /documentation/UNIVERSE/
2013-02-16 22:23:27.780 [pool-3-thread-1] INFO  com.rs.mv.mvvs.rmv.documentation.reader.ProjectDocReader - [framework:30020103]project documentation brief file: custom.json
2013-02-16 22:23:27.780 [pool-3-thread-1] INFO  com.rs.mv.mvvs.rmv.documentation.reader.UserDocReader - [framework:30020104]user documentation brief file: C:\Users\Marx\documentation\UNIVERSE\custom.json
2013-02-16 22:23:27.889 [pool-3-thread-1] INFO  com.rs.mv.mvvs.rmv.documentation.BasicDocumentation - [framework:30020105]documentation load end
2013-02-16 22:23:27.889 [pool-3-thread-1] INFO  com.rs.mv.mvvs.common.convertor.ConvertorManager - [framework:30030101]convertors for folder(*) load start
2013-02-16 22:23:27.889 [pool-3-thread-1] INFO  com.rs.mv.mvvs.common.convertor.ConvertorManager - [framework:30030102]comment convertor load finish
2013-02-16 22:23:27.905 [pool-3-thread-1] INFO  com.rs.mv.mvvs.common.convertor.ConvertorManager - [framework:30030103]keyword convertor load finish
2013-02-16 22:23:27.905 [pool-3-thread-1] INFO  com.rs.mv.mvvs.common.convertor.ConvertorManager - [framework:30030104]operator convertor load finish
2013-02-16 22:23:27.905 [pool-3-thread-1] INFO  com.rs.mv.mvvs.common.convertor.ConvertorManager - [framework:30030105]function name convertor load finish
2013-02-16 22:23:27.905 [pool-3-thread-1] INFO  com.rs.mv.mvvs.common.convertor.ConvertorManager - [framework:30030106]atVariable convertor load finish
2013-02-16 22:23:27.905 [pool-3-thread-1] INFO  com.rs.mv.mvvs.common.convertor.ConvertorManager - [framework:30030107]convertors for folder(*) load end
2013-02-16 22:23:27.905 [pool-3-thread-1] INFO  com.rs.mv.mvvs.client.catalog.manager.U2CatalogManager - [client:400203]cache file auto update thread launch in ... account
2013-02-16 22:23:27.905 [pool-3-thread-1] INFO  com.rs.mv.mvvs.client.catalog.from.config.DirsConfigReader - [client:400206]parse dir config information
2013-02-16 22:23:27.905 [pool-3-thread-1] INFO  com.rs.mv.mvvs.client.catalog.from.config.MappingConfigReader - [client:400207]parse mapping config information
2013-02-16 22:23:27.905 [pool-3-thread-1] INFO  com.rs.mv.mvvs.client.catalog.manager.U2CatalogManager - [client:400202]start a schedule task to get global/local catalog for ..., its period 5s 
2013-02-16 22:23:27.920 [pool-3-thread-1] INFO  com.rs.mv.mvvs.client.account.handler.ServerAccountHandler - [client:40010104]load server account: Account{name=test, path=C:/Users/Marx/Desktop/Temenos-T24-Training/forex/currency_converter/src/test, type=PREDICT}
Account{name=logs, path=C:/Users/Marx/Desktop/Temenos-T24-Training/.git/logs, type=PREDICT}
Account{name=com, path=C:/Users/Marx/Desktop/Temenos-T24-Training/t24java/callingjava/target/classes/com, type=PREDICT}
Account{name=refs, path=C:/Users/Marx/Desktop/Temenos-T24-Training/.git/refs, type=PREDICT}
Account{name=Temenos-T24-Training, path=C:/Users/Marx/Desktop/Temenos-T24-Training, type=PREDICT}
Account{name=refs, path=C:/Users/Marx/Desktop/Temenos-T24-Training/.git/logs/refs, type=PREDICT}
Account{name=src, path=C:/Users/Marx/Desktop/Temenos-T24-Training/forex/currency_converter/src, type=PREDICT}
Account{name=forex, path=C:/Users/Marx/Desktop/Temenos-T24-Training/forex, type=PREDICT}
Account{name=callingjava, path=C:/Users/Marx/Desktop/Temenos-T24-Training/t24java/callingjava, type=PREDICT}
Account{name=java, path=C:/Users/Marx/Desktop/Temenos-T24-Training/t24java/callingjava/src/main/java, type=PREDICT}
Account{name=t24java, path=C:/Users/Marx/Desktop/Temenos-T24-Training/t24java, type=PREDICT}
Account{name=remotes, path=C:/Users/Marx/Desktop/Temenos-T24-Training/.git/refs/remotes, type=PREDICT}
Account{name=objects, path=C:/Users/Marx/Desktop/Temenos-T24-Training/.git/objects, type=PREDICT}
Account{name=src, path=C:/Users/Marx/Desktop/Temenos-T24-Training/t24java/callingjava/src, type=PREDICT}
Account{name=target, path=C:/Users/Marx/Desktop/Temenos-T24-Training/t24java/callingjava/target, type=PREDICT}
Account{name=java, path=C:/Users/Marx/Desktop/Temenos-T24-Training/forex/currency_converter/src/main/java, type=PREDICT}
Account{name=com, path=C:/Users/Marx/Desktop/Temenos-T24-Training/t24java/callingjava/src/main/java/com, type=PREDICT}
Account{name=main, path=C:/Users/Marx/Desktop/Temenos-T24-Training/t24java/callingjava/src/main, type=PREDICT}
Account{name=test, path=C:/Users/Marx/Desktop/Temenos-T24-Training/t24java/callingjava/src/test, type=PREDICT}
Account{name=main, path=C:/Users/Marx/Desktop/Temenos-T24-Training/forex/currency_converter/src/main, type=PREDICT}
Account{name=..., path=..., type=PREDICT}
2013-02-16 22:23:27.920 [pool-3-thread-1] INFO  com.rs.mv.mvvs.client.account.AccountManager - [client:40010105]load account manager finish
2013-02-16 22:23:27.920 [pool-3-thread-1] INFO  com.rs.mv.mvvs.instance.userspace.UserspaceManager - [framework:30010402]config file(C:\Users\Marx/.rmv/config) watcher launch successful
2013-02-16 22:23:28.171 [pool-3-thread-1] INFO  com.rs.mv.mvvs.client.catalog.from.scan.CurrentPathScanner - [client:400205]scan file in current open file directory(C:/Users/Marx/Desktop/Temenos-T24-Training/t24java/callingjava/src/main/java/com/marx)
